2020-10-20 13:27:53 [INFO] Player wensctry to uses coordinate detector to join game!
2020-10-20 13:28:56 [INFO] Squid (id=156) hit by reverse_drown taking 2.0 raw damage vs 0.0 protection, resulting in a loss of 2.0 health: 10.0->8.0
2020-10-20 13:28:57 [INFO] Squid (id=156) hit by reverse_drown taking 2.0 raw damage vs 0.0 protection, resulting in a loss of 2.0 health: 8.0->6.0
2020-10-20 13:28:58 [INFO] Squid (id=156) hit by reverse_drown taking 2.0 raw damage vs 0.0 protection, resulting in a loss of 2.0 health: 6.0->4.0
2020-10-20 13:28:59 [INFO] Squid (id=156) hit by reverse_drown taking 2.0 raw damage vs 0.0 protection, resulting in a loss of 2.0 health: 4.0->2.0
2020-10-20 13:29:00 [INFO] Squid (id=156) hit by reverse_drown taking 2.0 raw damage vs 0.0 protection, resulting in a loss of 2.0 health: 2.0->0.0
2020-10-20 13:29:33 [INFO] Vampire Bat (id=5125) hit by lava taking 4.0 raw damage vs 0.0 protection, resulting in a loss of 4.0 health: 3.0->0.0
2020-10-20 13:29:56 [INFO] Bat (id=5788) hit by lava taking 4.0 raw damage vs 0.0 protection, resulting in a loss of 4.0 health: 3.0->0.0
2020-10-20 13:31:42 [INFO] Squid (id=98) hit by reverse_drown taking 2.0 raw damage vs 0.0 protection, resulting in a loss of 2.0 health: 10.0->8.0
2020-10-20 13:31:43 [INFO] Squid (id=98) hit by reverse_drown taking 2.0 raw damage vs 0.0 protection, resulting in a loss of 2.0 health: 8.0->6.0
2020-10-20 13:31:44 [INFO] Squid (id=98) hit by reverse_drown taking 2.0 raw damage vs 0.0 protection, resulting in a loss of 2.0 health: 6.0->4.0
2020-10-20 13:31:45 [INFO] Squid (id=98) hit by reverse_drown taking 2.0 raw damage vs 0.0 protection, resulting in a loss of 2.0 health: 4.0->2.0
2020-10-20 13:31:46 [INFO] Squid (id=98) hit by reverse_drown taking 2.0 raw damage vs 0.0 protection, resulting in a loss of 2.0 health: 2.0->0.0
2020-10-20 13:32:30 [INFO] Skeleton (id=11606) hit by inWall taking 1.0 raw damage vs 0.0 protection, resulting in a loss of 1.0 health: 15.0->14.0
2020-10-20 13:32:33 [INFO] Skeleton (id=11606) hit by inWall taking 1.0 raw damage vs 0.0 protection, resulting in a loss of 1.0 health: 14.0->13.0
2020-10-20 13:32:33 [INFO] Skeleton (id=11606) hit by inWall taking 1.0 raw damage vs 0.0 protection, resulting in a loss of 1.0 health: 13.0->12.0
2020-10-20 13:34:46 [INFO] Squid (id=176) hit by reverse_drown taking 2.0 raw damage vs 0.0 protection, resulting in a loss of 2.0 health: 10.0->8.0
2020-10-20 13:36:28 [INFO] wensc (id=2260) hit by lava taking 4.0 raw damage vs 0.0 protection, resulting in a loss of 4.0 health: 6.0->2.0
2020-10-20 13:36:28 [INFO] wensc (id=2260) hit by lava taking 4.0 raw damage vs 0.0 protection, resulting in a loss of 4.0 health: 2.0->0.0
2020-10-20 13:36:54 [INFO] Fire Elemental (id=20181) hit by drown taking 1.0 raw damage vs 0.0 protection, resulting in a loss of 1.0 health: 40.0->39.0
2020-10-20 13:36:56 [INFO] Fire Elemental (id=20181) hit by drown taking 1.0 raw damage vs 0.0 protection, resulting in a loss of 1.0 health: 40.0->39.0
2020-10-20 13:36:58 [INFO] Fire Elemental (id=20181) hit by drown taking 1.0 raw damage vs 0.0 protection, resulting in a loss of 1.0 health: 40.0->39.0
2020-10-20 13:37:00 [INFO] Fire Elemental (id=20181) hit by drown taking 1.0 raw damage vs 0.0 protection, resulting in a loss of 1.0 health: 40.0->39.0
2020-10-20 13:37:02 [INFO] Fire Elemental (id=20181) hit by drown taking 1.0 raw damage vs 0.0 protection, resulting in a loss of 1.0 health: 40.0->39.0
2020-10-20 13:37:04 [INFO] Fire Elemental (id=20181) hit by drown taking 1.0 raw damage vs 0.0 protection, resulting in a loss of 1.0 health: 40.0->39.0
2020-10-20 13:37:06 [INFO] Fire Elemental (id=20181) hit by drown taking 1.0 raw damage vs 0.0 protection, resulting in a loss of 1.0 health: 40.0->39.0
2020-10-20 13:37:08 [INFO] Fire Elemental (id=20181) hit by drown taking 1.0 raw damage vs 0.0 protection, resulting in a loss of 1.0 health: 40.0->39.0
2020-10-20 13:37:10 [INFO] Fire Elemental (id=20181) hit by drown taking 1.0 raw damage vs 0.0 protection, resulting in a loss of 1.0 health: 40.0->39.0
2020-10-20 13:37:11 [INFO] wensc (id=2260) hit by lava taking 4.0 raw damage vs 0.0 protection, resulting in a loss of 4.0 health: 6.0->2.0
2020-10-20 13:37:11 [INFO] wensc (id=2260) hit by lava taking 4.0 raw damage vs 0.0 protection, resulting in a loss of 4.0 health: 2.0->0.0
2020-10-20 13:37:12 [INFO] Fire Elemental (id=20181) hit by drown taking 1.0 raw damage vs 0.0 protection, resulting in a loss of 1.0 health: 40.0->39.0
2020-10-20 13:37:14 [INFO] Fire Elemental (id=20181) hit by drown taking 1.0 raw damage vs 0.0 protection, resulting in a loss of 1.0 health: 40.0->39.0
2020-10-20 13:37:16 [INFO] Fire Elemental (id=20181) hit by drown taking 1.0 raw damage vs 0.0 protection, resulting in a loss of 1.0 health: 40.0->39.0
2020-10-20 13:37:18 [INFO] Fire Elemental (id=20181) hit by drown taking 1.0 raw damage vs 0.0 protection, resulting in a loss of 1.0 health: 40.0->39.0
2020-10-20 13:37:20 [INFO] Fire Elemental (id=20181) hit by drown taking 1.0 raw damage vs 0.0 protection, resulting in a loss of 1.0 health: 40.0->39.0
2020-10-20 13:37:22 [INFO] Fire Elemental (id=20181) hit by drown taking 1.0 raw damage vs 0.0 protection, resulting in a loss of 1.0 health: 40.0->39.0
2020-10-20 13:37:24 [INFO] Fire Elemental (id=20181) hit by drown taking 1.0 raw damage vs 0.0 protection, resulting in a loss of 1.0 health: 40.0->39.0
2020-10-20 13:37:25 [INFO] wensc (id=2260) hit by lava taking 4.0 raw damage vs 0.0 protection, resulting in a loss of 4.0 health: 6.0->2.0
2020-10-20 13:37:25 [INFO] wensc (id=2260) hit by lava taking 4.0 raw damage vs 0.0 protection, resulting in a loss of 4.0 health: 2.0->0.0
2020-10-20 13:37:26 [INFO] Fire Elemental (id=20181) hit by drown taking 1.0 raw damage vs 0.0 protection, resulting in a loss of 1.0 health: 40.0->39.0
2020-10-20 13:37:28 [INFO] Fire Elemental (id=20181) hit by drown taking 1.0 raw damage vs 0.0 protection, resulting in a loss of 1.0 health: 39.0->38.0
2020-10-20 13:37:30 [INFO] Fire Elemental (id=20181) hit by drown taking 1.0 raw damage vs 0.0 protection, resulting in a loss of 1.0 health: 40.0->39.0
2020-10-20 13:37:32 [INFO] Fire Elemental (id=20181) hit by drown taking 1.0 raw damage vs 0.0 protection, resulting in a loss of 1.0 health: 40.0->39.0
2020-10-20 13:37:34 [INFO] Fire Elemental (id=20181) hit by drown taking 1.0 raw damage vs 0.0 protection, resulting in a loss of 1.0 health: 40.0->39.0
2020-10-20 13:37:36 [INFO] Fire Elemental (id=20181) hit by drown taking 1.0 raw damage vs 0.0 protection, resulting in a loss of 1.0 health: 40.0->39.0
2020-10-20 13:37:38 [INFO] Fire Elemental (id=20181) hit by drown taking 1.0 raw damage vs 0.0 protection, resulting in a loss of 1.0 health: 40.0->39.0
2020-10-20 13:37:40 [INFO] Fire Elemental (id=20181) hit by drown taking 1.0 raw damage vs 0.0 protection, resulting in a loss of 1.0 health: 40.0->39.0
2020-10-20 13:37:41 [INFO] Bat (id=20410) hit by lava taking 4.0 raw damage vs 0.0 protection, resulting in a loss of 4.0 health: 3.0->0.0
2020-10-20 13:37:42 [INFO] Fire Elemental (id=20181) hit by drown taking 1.0 raw damage vs 0.0 protection, resulting in a loss of 1.0 health: 40.0->39.0
2020-10-20 13:37:44 [INFO] Fire Elemental (id=20181) hit by drown taking 1.0 raw damage vs 0.0 protection, resulting in a loss of 1.0 health: 40.0->39.0
2020-10-20 13:37:46 [INFO] Fire Elemental (id=20181) hit by drown taking 1.0 raw damage vs 0.0 protection, resulting in a loss of 1.0 health: 40.0->39.0
2020-10-20 13:37:48 [INFO] Fire Elemental (id=20181) hit by drown taking 1.0 raw damage vs 0.0 protection, resulting in a loss of 1.0 health: 40.0->39.0
2020-10-20 13:37:50 [INFO] Fire Elemental (id=20181) hit by drown taking 1.0 raw damage vs 0.0 protection, resulting in a loss of 1.0 health: 40.0->39.0
2020-10-20 13:37:52 [INFO] Fire Elemental (id=20181) hit by drown taking 1.0 raw damage vs 0.0 protection, resulting in a loss of 1.0 health: 40.0->39.0
2020-10-20 13:37:54 [INFO] Fire Elemental (id=20181) hit by drown taking 1.0 raw damage vs 0.0 protection, resulting in a loss of 1.0 health: 40.0->39.0
2020-10-20 13:37:56 [INFO] Fire Elemental (id=20181) hit by drown taking 1.0 raw damage vs 0.0 protection, resulting in a loss of 1.0 health: 40.0->39.0
2020-10-20 13:37:58 [INFO] Fire Elemental (id=20181) hit by drown taking 1.0 raw damage vs 0.0 protection, resulting in a loss of 1.0 health: 40.0->39.0
2020-10-20 13:38:00 [INFO] Fire Elemental (id=20181) hit by drown taking 1.0 raw damage vs 0.0 protection, resulting in a loss of 1.0 health: 40.0->39.0
2020-10-20 13:38:02 [INFO] Fire Elemental (id=20181) hit by drown taking 1.0 raw damage vs 0.0 protection, resulting in a loss of 1.0 health: 40.0->39.0
2020-10-20 13:38:04 [INFO] Fire Elemental (id=20181) hit by drown taking 1.0 raw damage vs 0.0 protection, resulting in a loss of 1.0 health: 40.0->39.0
2020-10-20 13:38:06 [INFO] Fire Elemental (id=20181) hit by drown taking 1.0 raw damage vs 0.0 protection, resulting in a loss of 1.0 health: 39.0->38.0
2020-10-20 13:38:08 [INFO] Fire Elemental (id=20181) hit by drown taking 1.0 raw damage vs 0.0 protection, resulting in a loss of 1.0 health: 40.0->39.0
2020-10-20 13:38:10 [INFO] Fire Elemental (id=20181) hit by drown taking 1.0 raw damage vs 0.0 protection, resulting in a loss of 1.0 health: 40.0->39.0
2020-10-20 13:38:12 [INFO] Fire Elemental (id=20181) hit by drown taking 1.0 raw damage vs 0.0 protection, resulting in a loss of 1.0 health: 40.0->39.0
2020-10-20 13:38:14 [INFO] Fire Elemental (id=20181) hit by drown taking 1.0 raw damage vs 0.0 protection, resulting in a loss of 1.0 health: 39.0->38.0
2020-10-20 13:38:16 [INFO] Fire Elemental (id=20181) hit by drown taking 1.0 raw damage vs 0.0 protection, resulting in a loss of 1.0 health: 40.0->39.0
2020-10-20 13:38:18 [INFO] Fire Elemental (id=20181) hit by drown taking 1.0 raw damage vs 0.0 protection, resulting in a loss of 1.0 health: 39.0->38.0
2020-10-20 13:38:20 [INFO] Fire Elemental (id=20181) hit by drown taking 1.0 raw damage vs 0.0 protection, resulting in a loss of 1.0 health: 38.0->37.0
2020-10-20 13:38:22 [INFO] Fire Elemental (id=20181) hit by drown taking 1.0 raw damage vs 0.0 protection, resulting in a loss of 1.0 health: 37.0->36.0
2020-10-20 13:38:24 [INFO] Fire Elemental (id=20181) hit by drown taking 1.0 raw damage vs 0.0 protection, resulting in a loss of 1.0 health: 36.0->35.0
2020-10-20 13:38:26 [INFO] Fire Elemental (id=20181) hit by drown taking 1.0 raw damage vs 0.0 protection, resulting in a loss of 1.0 health: 35.0->34.0
2020-10-20 13:38:28 [INFO] Fire Elemental (id=20181) hit by drown taking 1.0 raw damage vs 0.0 protection, resulting in a loss of 1.0 health: 34.0->33.0
2020-10-20 13:38:30 [INFO] Fire Elemental (id=20181) hit by drown taking 1.0 raw damage vs 0.0 protection, resulting in a loss of 1.0 health: 33.0->32.0
2020-10-20 13:38:32 [INFO] Fire Elemental (id=20181) hit by drown taking 1.0 raw damage vs 0.0 protection, resulting in a loss of 1.0 health: 32.0->31.0
2020-10-20 13:38:34 [INFO] Fire Elemental (id=20181) hit by drown taking 1.0 raw damage vs 0.0 protection, resulting in a loss of 1.0 health: 31.0->30.0
2020-10-20 13:39:45 [INFO] Zombie attacked wensc dealing 10.0 raw damage vs 0.0 protection, resulting in a loss of 10.0 health: 6.0->0.0
2020-10-20 13:39:47 [INFO] Iron Golem attacked Zombie dealing 14.0 raw damage vs 0.0 protection, resulting in a loss of 14.0 health: 50.0->36.0
2020-10-20 13:39:49 [INFO] Iron Golem attacked Zombie dealing 8.0 raw damage vs 0.0 protection, resulting in a loss of 8.0 health: 36.0->28.0
2020-10-20 13:39:50 [INFO] Iron Golem attacked Zombie dealing 12.0 raw damage vs 0.0 protection, resulting in a loss of 12.0 health: 28.0->16.0
2020-10-20 13:39:51 [INFO] Iron Golem attacked Zombie dealing 17.0 raw damage vs 0.0 protection, resulting in a loss of 17.0 health: 16.0->0.0
2020-10-20 13:40:46 [INFO] Skeleton attacked wensc with Bow dealing 14.4 raw damage vs 0.0 protection, resulting in a loss of 14.4 health: 6.0->0.0
2020-10-20 13:40:48 [INFO] Iron Golem attacked Skeleton dealing 20.0 raw damage vs 0.0 protection, resulting in a loss of 20.0 health: 15.0->0.0
