2020-11-26 20:45:35 [INFO] Server load: 5% (0 players online, 0 chunks active, 38 total entities loaded, 35 living entities loaded, 3 item entities loaded, 2ms average tick time, 167MB of 981MB memory in use, time of day is 7AM)
2020-11-26 21:05:42 [INFO] Server load: 3% (0 players online, 0 chunks active, 38 total entities loaded, 35 living entities loaded, 3 item entities loaded, 1ms average tick time, 147MB of 981MB memory in use, time of day is 7AM)
2020-11-26 22:16:47 [INFO] Server load: 3% (0 players online, 0 chunks active, 38 total entities loaded, 35 living entities loaded, 3 item entities loaded, 1ms average tick time, 147MB of 981MB memory in use, time of day is 8AM)
2020-11-26 22:17:37 [INFO] Server load: 1% (0 players online, 0 chunks active, 38 total entities loaded, 35 living entities loaded, 3 item entities loaded, 0ms average tick time, 212MB of 981MB memory in use, time of day is 9AM)
2020-11-26 22:18:27 [INFO] Server load: 1% (0 players online, 0 chunks active, 38 total entities loaded, 35 living entities loaded, 3 item entities loaded, 0ms average tick time, 211MB of 981MB memory in use, time of day is 10AM)
2020-11-26 22:19:17 [INFO] Server load: 1% (0 players online, 0 chunks active, 38 total entities loaded, 35 living entities loaded, 3 item entities loaded, 0ms average tick time, 211MB of 981MB memory in use, time of day is 11AM)
2020-11-26 22:20:07 [INFO] Server load: 1% (0 players online, 0 chunks active, 38 total entities loaded, 35 living entities loaded, 3 item entities loaded, 0ms average tick time, 211MB of 981MB memory in use, time of day is NOON)
2020-11-26 22:20:57 [INFO] Server load: 1% (0 players online, 0 chunks active, 38 total entities loaded, 35 living entities loaded, 3 item entities loaded, 0ms average tick time, 211MB of 981MB memory in use, time of day is 1PM)
2020-11-26 22:21:47 [INFO] Server load: 1% (0 players online, 0 chunks active, 38 total entities loaded, 35 living entities loaded, 3 item entities loaded, 0ms average tick time, 211MB of 981MB memory in use, time of day is 2PM)
2020-11-26 22:22:37 [INFO] Server load: 1% (0 players online, 0 chunks active, 38 total entities loaded, 35 living entities loaded, 3 item entities loaded, 0ms average tick time, 211MB of 981MB memory in use, time of day is 3PM)
2020-11-26 22:23:27 [INFO] Server load: 2% (0 players online, 0 chunks active, 38 total entities loaded, 35 living entities loaded, 3 item entities loaded, 1ms average tick time, 219MB of 981MB memory in use, time of day is 4PM)
2020-11-26 22:24:17 [INFO] Server load: 1% (0 players online, 0 chunks active, 38 total entities loaded, 35 living entities loaded, 3 item entities loaded, 0ms average tick time, 211MB of 981MB memory in use, time of day is 5PM)
2020-11-26 22:25:07 [INFO] Server load: 1% (0 players online, 0 chunks active, 38 total entities loaded, 35 living entities loaded, 3 item entities loaded, 0ms average tick time, 211MB of 981MB memory in use, time of day is 6PM)
2020-11-26 22:25:57 [INFO] Server load: 1% (0 players online, 0 chunks active, 38 total entities loaded, 35 living entities loaded, 3 item entities loaded, 0ms average tick time, 211MB of 981MB memory in use, time of day is 7PM)
2020-11-26 22:26:47 [INFO] Server load: 1% (0 players online, 0 chunks active, 38 total entities loaded, 35 living entities loaded, 3 item entities loaded, 0ms average tick time, 211MB of 981MB memory in use, time of day is 8PM)
2020-11-26 22:27:37 [INFO] Server load: 1% (0 players online, 0 chunks active, 38 total entities loaded, 35 living entities loaded, 3 item entities loaded, 0ms average tick time, 211MB of 981MB memory in use, time of day is 9PM)
2020-11-26 22:28:27 [INFO] Server load: 1% (0 players online, 0 chunks active, 38 total entities loaded, 35 living entities loaded, 3 item entities loaded, 0ms average tick time, 211MB of 981MB memory in use, time of day is 10PM)
2020-11-26 22:30:09 [INFO] Server load: 3% (0 players online, 0 chunks active, 38 total entities loaded, 35 living entities loaded, 3 item entities loaded, 1ms average tick time, 148MB of 981MB memory in use, time of day is MDNT)
2020-11-26 22:31:56 [INFO] Server load: 3% (0 players online, 0 chunks active, 40 total entities loaded, 35 living entities loaded, 5 item entities loaded, 1ms average tick time, 147MB of 981MB memory in use, time of day is 1AM)
2020-11-26 22:33:33 [INFO] Server load: 3% (0 players online, 0 chunks active, 40 total entities loaded, 35 living entities loaded, 5 item entities loaded, 1ms average tick time, 147MB of 981MB memory in use, time of day is 1AM)
2020-11-26 22:34:32 [INFO] Server load: 2% (0 players online, 0 chunks active, 39 total entities loaded, 35 living entities loaded, 4 item entities loaded, 1ms average tick time, 147MB of 981MB memory in use, time of day is 2AM)
2020-11-26 22:36:13 [INFO] Server load: 3% (0 players online, 0 chunks active, 38 total entities loaded, 35 living entities loaded, 3 item entities loaded, 1ms average tick time, 147MB of 981MB memory in use, time of day is 3AM)
2020-11-26 22:37:26 [INFO] Server load: 3% (0 players online, 0 chunks active, 38 total entities loaded, 35 living entities loaded, 3 item entities loaded, 1ms average tick time, 147MB of 981MB memory in use, time of day is 4AM)
2020-11-26 22:38:16 [INFO] Server load: 1% (0 players online, 0 chunks active, 38 total entities loaded, 35 living entities loaded, 3 item entities loaded, 0ms average tick time, 211MB of 981MB memory in use, time of day is 5AM)
2020-11-26 22:39:06 [INFO] Server load: 1% (0 players online, 0 chunks active, 38 total entities loaded, 35 living entities loaded, 3 item entities loaded, 0ms average tick time, 211MB of 981MB memory in use, time of day is 6AM)
2020-11-26 22:39:56 [INFO] Server load: 12% (1 player online, 225 chunks active, 50 total entities loaded, 46 living entities loaded, 3 item entities loaded, 6ms average tick time, 360MB of 981MB memory in use, time of day is 7AM)
2020-11-26 22:40:46 [INFO] Server load: 6% (1 player online, 225 chunks active, 49 total entities loaded, 44 living entities loaded, 4 item entities loaded, 3ms average tick time, 241MB of 910MB memory in use, time of day is 8AM)
2020-11-26 22:41:36 [INFO] Server load: 10% (1 player online, 225 chunks active, 79 total entities loaded, 75 living entities loaded, 3 item entities loaded, 5ms average tick time, 307MB of 910MB memory in use, time of day is 9AM)
2020-11-26 22:42:26 [INFO] Server load: 7% (1 player online, 225 chunks active, 51 total entities loaded, 48 living entities loaded, 2 item entities loaded, 3ms average tick time, 314MB of 918MB memory in use, time of day is 10AM)
2020-11-26 22:45:32 [INFO] Server load: 4% (0 players online, 0 chunks active, 52 total entities loaded, 50 living entities loaded, 2 item entities loaded, 2ms average tick time, 148MB of 981MB memory in use, time of day is NOON)
2020-11-26 22:50:22 [INFO] Server load: 5% (0 players online, 0 chunks active, 52 total entities loaded, 50 living entities loaded, 2 item entities loaded, 2ms average tick time, 148MB of 981MB memory in use, time of day is 1PM)
2020-11-26 22:51:12 [INFO] Server load: 1% (0 players online, 0 chunks active, 51 total entities loaded, 50 living entities loaded, 1 item entities loaded, 0ms average tick time, 211MB of 981MB memory in use, time of day is 2PM)
2020-11-26 22:52:02 [INFO] Server load: 1% (0 players online, 0 chunks active, 51 total entities loaded, 50 living entities loaded, 1 item entities loaded, 0ms average tick time, 211MB of 981MB memory in use, time of day is 3PM)
2020-11-26 22:52:53 [INFO] Server load: 1% (0 players online, 0 chunks active, 51 total entities loaded, 50 living entities loaded, 1 item entities loaded, 0ms average tick time, 211MB of 981MB memory in use, time of day is 4PM)
2020-11-26 22:53:42 [INFO] Server load: 10% (1 player online, 225 chunks active, 64 total entities loaded, 62 living entities loaded, 1 item entities loaded, 5ms average tick time, 379MB of 981MB memory in use, time of day is 5PM)
2020-11-26 22:54:32 [INFO] Server load: 7% (1 player online, 225 chunks active, 55 total entities loaded, 53 living entities loaded, 1 item entities loaded, 3ms average tick time, 329MB of 966MB memory in use, time of day is 6PM)
2020-11-26 22:55:22 [INFO] Server load: 8% (1 player online, 225 chunks active, 78 total entities loaded, 76 living entities loaded, 1 item entities loaded, 4ms average tick time, 231MB of 866MB memory in use, time of day is 7PM)
2020-11-26 22:56:12 [INFO] Server load: 7% (1 player online, 225 chunks active, 55 total entities loaded, 51 living entities loaded, 1 item entities loaded, 3ms average tick time, 313MB of 916MB memory in use, time of day is 8PM)
2020-11-26 22:57:02 [INFO] Server load: 7% (1 player online, 225 chunks active, 49 total entities loaded, 45 living entities loaded, 4 item entities loaded, 3ms average tick time, 352MB of 926MB memory in use, time of day is 9PM)
2020-11-26 22:57:52 [INFO] Server load: 18% (1 player online, 225 chunks active, 48 total entities loaded, 42 living entities loaded, 5 item entities loaded, 9ms average tick time, 346MB of 921MB memory in use, time of day is 10PM)
2020-11-26 22:58:42 [INFO] Server load: 7% (1 player online, 225 chunks active, 42 total entities loaded, 37 living entities loaded, 5 item entities loaded, 3ms average tick time, 357MB of 937MB memory in use, time of day is 11PM)
2020-11-26 22:59:32 [INFO] Server load: 4% (1 player online, 225 chunks active, 43 total entities loaded, 38 living entities loaded, 5 item entities loaded, 2ms average tick time, 270MB of 930MB memory in use, time of day is MDNT)
2020-11-26 23:00:22 [INFO] Server load: 4% (1 player online, 225 chunks active, 43 total entities loaded, 38 living entities loaded, 5 item entities loaded, 2ms average tick time, 392MB of 930MB memory in use, time of day is 1AM)
2020-11-26 23:01:12 [INFO] Server load: 4% (1 player online, 225 chunks active, 45 total entities loaded, 38 living entities loaded, 7 item entities loaded, 2ms average tick time, 293MB of 947MB memory in use, time of day is 2AM)
2020-11-26 23:02:02 [INFO] Server load: 9% (1 player online, 225 chunks active, 44 total entities loaded, 37 living entities loaded, 6 item entities loaded, 4ms average tick time, 374MB of 947MB memory in use, time of day is 3AM)
2020-11-26 23:02:52 [INFO] Server load: 5% (1 player online, 225 chunks active, 45 total entities loaded, 38 living entities loaded, 7 item entities loaded, 2ms average tick time, 345MB of 942MB memory in use, time of day is 4AM)
2020-11-26 23:03:43 [INFO] Server load: 1% (0 players online, 0 chunks active, 33 total entities loaded, 28 living entities loaded, 5 item entities loaded, 0ms average tick time, 182MB of 952MB memory in use, time of day is 5AM)
2020-11-26 23:04:32 [INFO] Server load: 7% (1 player online, 225 chunks active, 44 total entities loaded, 36 living entities loaded, 7 item entities loaded, 3ms average tick time, 346MB of 952MB memory in use, time of day is 6AM)
2020-11-26 23:05:22 [INFO] Server load: 7% (1 player online, 225 chunks active, 45 total entities loaded, 36 living entities loaded, 8 item entities loaded, 3ms average tick time, 263MB of 957MB memory in use, time of day is 7AM)
2020-11-26 23:06:12 [INFO] Server load: 6% (1 player online, 225 chunks active, 42 total entities loaded, 36 living entities loaded, 6 item entities loaded, 3ms average tick time, 224MB of 955MB memory in use, time of day is 8AM)
2020-11-26 23:07:02 [INFO] Server load: 5% (1 player online, 225 chunks active, 39 total entities loaded, 33 living entities loaded, 6 item entities loaded, 2ms average tick time, 293MB of 955MB memory in use, time of day is 9AM)
2020-11-26 23:07:52 [INFO] Server load: 14% (1 player online, 225 chunks active, 49 total entities loaded, 40 living entities loaded, 8 item entities loaded, 7ms average tick time, 235MB of 955MB memory in use, time of day is 10AM)
2020-11-26 23:08:43 [INFO] Server load: 4% (0 players online, 0 chunks active, 39 total entities loaded, 35 living entities loaded, 4 item entities loaded, 2ms average tick time, 186MB of 957MB memory in use, time of day is 11AM)
2020-11-26 23:09:32 [INFO] Server load: 11% (1 player online, 225 chunks active, 39 total entities loaded, 31 living entities loaded, 7 item entities loaded, 5ms average tick time, 285MB of 956MB memory in use, time of day is NOON)
2020-11-26 23:10:23 [INFO] Server load: 1% (0 players online, 0 chunks active, 32 total entities loaded, 28 living entities loaded, 4 item entities loaded, 0ms average tick time, 185MB of 958MB memory in use, time of day is 1PM)
2020-11-26 23:11:12 [INFO] Server load: 2% (0 players online, 0 chunks active, 32 total entities loaded, 28 living entities loaded, 4 item entities loaded, 1ms average tick time, 185MB of 958MB memory in use, time of day is 2PM)
2020-11-26 23:12:02 [INFO] Server load: 2% (0 players online, 0 chunks active, 32 total entities loaded, 28 living entities loaded, 4 item entities loaded, 1ms average tick time, 189MB of 960MB memory in use, time of day is 3PM)
2020-11-26 23:12:52 [INFO] Server load: 1% (0 players online, 0 chunks active, 32 total entities loaded, 28 living entities loaded, 4 item entities loaded, 0ms average tick time, 184MB of 958MB memory in use, time of day is 4PM)
2020-11-26 23:13:42 [INFO] Server load: 1% (0 players online, 0 chunks active, 32 total entities loaded, 28 living entities loaded, 4 item entities loaded, 0ms average tick time, 184MB of 962MB memory in use, time of day is 5PM)
2020-11-26 23:14:32 [INFO] Server load: 1% (0 players online, 0 chunks active, 32 total entities loaded, 28 living entities loaded, 4 item entities loaded, 0ms average tick time, 184MB of 961MB memory in use, time of day is 6PM)
2020-11-26 23:15:22 [INFO] Server load: 1% (0 players online, 0 chunks active, 32 total entities loaded, 28 living entities loaded, 4 item entities loaded, 0ms average tick time, 184MB of 966MB memory in use, time of day is 7PM)
2020-11-26 23:16:12 [INFO] Server load: 1% (0 players online, 0 chunks active, 32 total entities loaded, 28 living entities loaded, 4 item entities loaded, 0ms average tick time, 183MB of 964MB memory in use, time of day is 8PM)
2020-11-26 23:17:02 [INFO] Server load: 1% (0 players online, 0 chunks active, 32 total entities loaded, 28 living entities loaded, 4 item entities loaded, 0ms average tick time, 183MB of 971MB memory in use, time of day is 9PM)
2020-11-26 23:17:52 [INFO] Server load: 1% (0 players online, 0 chunks active, 32 total entities loaded, 28 living entities loaded, 4 item entities loaded, 0ms average tick time, 183MB of 968MB memory in use, time of day is 10PM)
2020-11-26 23:18:42 [INFO] Server load: 1% (0 players online, 0 chunks active, 32 total entities loaded, 28 living entities loaded, 4 item entities loaded, 0ms average tick time, 184MB of 976MB memory in use, time of day is 11PM)
2020-11-26 23:19:32 [INFO] Server load: 2% (0 players online, 0 chunks active, 32 total entities loaded, 28 living entities loaded, 4 item entities loaded, 1ms average tick time, 189MB of 973MB memory in use, time of day is MDNT)
2020-11-26 23:20:22 [INFO] Server load: 1% (0 players online, 0 chunks active, 32 total entities loaded, 28 living entities loaded, 4 item entities loaded, 0ms average tick time, 184MB of 981MB memory in use, time of day is 1AM)
2020-11-26 23:21:12 [INFO] Server load: 1% (0 players online, 0 chunks active, 32 total entities loaded, 28 living entities loaded, 4 item entities loaded, 0ms average tick time, 184MB of 979MB memory in use, time of day is 2AM)
2020-11-26 23:22:03 [INFO] Server load: 1% (0 players online, 0 chunks active, 32 total entities loaded, 28 living entities loaded, 4 item entities loaded, 0ms average tick time, 184MB of 986MB memory in use, time of day is 3AM)
2020-11-26 23:22:52 [INFO] Server load: 1% (0 players online, 0 chunks active, 32 total entities loaded, 28 living entities loaded, 4 item entities loaded, 0ms average tick time, 184MB of 983MB memory in use, time of day is 4AM)
2020-11-26 23:23:42 [INFO] Server load: 1% (0 players online, 0 chunks active, 32 total entities loaded, 28 living entities loaded, 4 item entities loaded, 0ms average tick time, 184MB of 990MB memory in use, time of day is 5AM)
2020-11-26 23:24:32 [INFO] Server load: 1% (0 players online, 0 chunks active, 32 total entities loaded, 28 living entities loaded, 4 item entities loaded, 0ms average tick time, 184MB of 988MB memory in use, time of day is 6AM)
2020-11-26 23:25:22 [INFO] Server load: 1% (0 players online, 0 chunks active, 32 total entities loaded, 28 living entities loaded, 4 item entities loaded, 0ms average tick time, 184MB of 994MB memory in use, time of day is 7AM)
2020-11-26 23:26:12 [INFO] Server load: 1% (0 players online, 0 chunks active, 32 total entities loaded, 28 living entities loaded, 4 item entities loaded, 0ms average tick time, 184MB of 992MB memory in use, time of day is 8AM)
2020-11-26 23:27:02 [INFO] Server load: 2% (0 players online, 0 chunks active, 32 total entities loaded, 28 living entities loaded, 4 item entities loaded, 1ms average tick time, 184MB of 998MB memory in use, time of day is 9AM)
2020-11-26 23:27:52 [INFO] Server load: 1% (0 players online, 0 chunks active, 32 total entities loaded, 28 living entities loaded, 4 item entities loaded, 0ms average tick time, 184MB of 996MB memory in use, time of day is 10AM)
2020-11-26 23:28:42 [INFO] Server load: 1% (0 players online, 0 chunks active, 32 total entities loaded, 28 living entities loaded, 4 item entities loaded, 0ms average tick time, 184MB of 1001MB memory in use, time of day is 11AM)
2020-11-26 23:29:32 [INFO] Server load: 1% (0 players online, 0 chunks active, 32 total entities loaded, 28 living entities loaded, 4 item entities loaded, 0ms average tick time, 184MB of 999MB memory in use, time of day is NOON)
2020-11-26 23:30:22 [INFO] Server load: 1% (0 players online, 0 chunks active, 32 total entities loaded, 28 living entities loaded, 4 item entities loaded, 0ms average tick time, 185MB of 1004MB memory in use, time of day is 1PM)
2020-11-26 23:31:12 [INFO] Server load: 1% (0 players online, 0 chunks active, 32 total entities loaded, 28 living entities loaded, 4 item entities loaded, 0ms average tick time, 185MB of 1002MB memory in use, time of day is 2PM)
2020-11-26 23:32:02 [INFO] Server load: 1% (0 players online, 0 chunks active, 32 total entities loaded, 28 living entities loaded, 4 item entities loaded, 0ms average tick time, 185MB of 1006MB memory in use, time of day is 3PM)
2020-11-26 23:32:52 [INFO] Server load: 1% (0 players online, 0 chunks active, 32 total entities loaded, 28 living entities loaded, 4 item entities loaded, 0ms average tick time, 185MB of 1005MB memory in use, time of day is 4PM)
2020-11-26 23:33:42 [INFO] Server load: 1% (0 players online, 0 chunks active, 32 total entities loaded, 28 living entities loaded, 4 item entities loaded, 0ms average tick time, 185MB of 1009MB memory in use, time of day is 5PM)
2020-11-26 23:34:32 [INFO] Server load: 2% (0 players online, 0 chunks active, 32 total entities loaded, 28 living entities loaded, 4 item entities loaded, 1ms average tick time, 190MB of 1007MB memory in use, time of day is 6PM)
2020-11-26 23:35:22 [INFO] Server load: 1% (0 players online, 0 chunks active, 32 total entities loaded, 28 living entities loaded, 4 item entities loaded, 0ms average tick time, 185MB of 1010MB memory in use, time of day is 7PM)
2020-11-26 23:36:12 [INFO] Server load: 1% (0 players online, 0 chunks active, 32 total entities loaded, 28 living entities loaded, 4 item entities loaded, 0ms average tick time, 185MB of 1009MB memory in use, time of day is 8PM)
2020-11-26 23:37:02 [INFO] Server load: 1% (0 players online, 0 chunks active, 32 total entities loaded, 28 living entities loaded, 4 item entities loaded, 0ms average tick time, 185MB of 1011MB memory in use, time of day is 9PM)
2020-11-26 23:37:52 [INFO] Server load: 1% (0 players online, 0 chunks active, 32 total entities loaded, 28 living entities loaded, 4 item entities loaded, 0ms average tick time, 185MB of 1011MB memory in use, time of day is 10PM)
2020-11-26 23:38:42 [INFO] Server load: 1% (0 players online, 0 chunks active, 32 total entities loaded, 28 living entities loaded, 4 item entities loaded, 0ms average tick time, 185MB of 1013MB memory in use, time of day is 11PM)
2020-11-26 23:39:32 [INFO] Server load: 1% (0 players online, 0 chunks active, 32 total entities loaded, 28 living entities loaded, 4 item entities loaded, 0ms average tick time, 185MB of 1012MB memory in use, time of day is MDNT)
2020-11-26 23:40:22 [INFO] Server load: 1% (0 players online, 0 chunks active, 32 total entities loaded, 28 living entities loaded, 4 item entities loaded, 0ms average tick time, 185MB of 1014MB memory in use, time of day is 1AM)
2020-11-26 23:41:12 [INFO] Server load: 1% (0 players online, 0 chunks active, 32 total entities loaded, 28 living entities loaded, 4 item entities loaded, 0ms average tick time, 185MB of 1014MB memory in use, time of day is 2AM)
2020-11-26 23:42:02 [INFO] Server load: 2% (0 players online, 0 chunks active, 32 total entities loaded, 28 living entities loaded, 4 item entities loaded, 1ms average tick time, 190MB of 1013MB memory in use, time of day is 3AM)
2020-11-26 23:42:52 [INFO] Server load: 1% (0 players online, 0 chunks active, 32 total entities loaded, 28 living entities loaded, 4 item entities loaded, 0ms average tick time, 185MB of 1014MB memory in use, time of day is 4AM)
2020-11-26 23:43:42 [INFO] Server load: 1% (0 players online, 0 chunks active, 32 total entities loaded, 28 living entities loaded, 4 item entities loaded, 0ms average tick time, 185MB of 1016MB memory in use, time of day is 5AM)
2020-11-26 23:45:28 [INFO] Server load: 4% (0 players online, 0 chunks active, 42 total entities loaded, 39 living entities loaded, 3 item entities loaded, 2ms average tick time, 147MB of 981MB memory in use, time of day is 7AM)
2020-11-26 23:46:18 [INFO] Server load: 1% (0 players online, 0 chunks active, 42 total entities loaded, 39 living entities loaded, 3 item entities loaded, 0ms average tick time, 211MB of 981MB memory in use, time of day is 8AM)
2020-11-26 23:47:08 [INFO] Server load: 1% (0 players online, 0 chunks active, 42 total entities loaded, 39 living entities loaded, 3 item entities loaded, 0ms average tick time, 212MB of 981MB memory in use, time of day is 9AM)
2020-11-26 23:47:58 [INFO] Server load: 1% (0 players online, 0 chunks active, 42 total entities loaded, 39 living entities loaded, 3 item entities loaded, 0ms average tick time, 211MB of 981MB memory in use, time of day is 10AM)
2020-11-26 23:48:48 [INFO] Server load: 1% (0 players online, 0 chunks active, 42 total entities loaded, 39 living entities loaded, 3 item entities loaded, 0ms average tick time, 211MB of 981MB memory in use, time of day is 11AM)
2020-11-26 23:49:38 [INFO] Server load: 1% (0 players online, 0 chunks active, 42 total entities loaded, 39 living entities loaded, 3 item entities loaded, 0ms average tick time, 211MB of 981MB memory in use, time of day is NOON)
2020-11-26 23:50:28 [INFO] Server load: 1% (0 players online, 0 chunks active, 42 total entities loaded, 39 living entities loaded, 3 item entities loaded, 0ms average tick time, 211MB of 981MB memory in use, time of day is 1PM)
2020-11-26 23:51:18 [INFO] Server load: 1% (0 players online, 0 chunks active, 42 total entities loaded, 39 living entities loaded, 3 item entities loaded, 0ms average tick time, 211MB of 981MB memory in use, time of day is 2PM)
2020-11-26 23:52:08 [INFO] Server load: 2% (0 players online, 0 chunks active, 42 total entities loaded, 39 living entities loaded, 3 item entities loaded, 1ms average tick time, 219MB of 981MB memory in use, time of day is 3PM)
2020-11-26 23:52:58 [INFO] Server load: 1% (0 players online, 0 chunks active, 42 total entities loaded, 39 living entities loaded, 3 item entities loaded, 0ms average tick time, 211MB of 981MB memory in use, time of day is 4PM)
2020-11-26 23:53:48 [INFO] Server load: 1% (0 players online, 0 chunks active, 42 total entities loaded, 39 living entities loaded, 3 item entities loaded, 0ms average tick time, 211MB of 981MB memory in use, time of day is 5PM)
2020-11-26 23:54:38 [INFO] Server load: 1% (0 players online, 0 chunks active, 42 total entities loaded, 39 living entities loaded, 3 item entities loaded, 0ms average tick time, 211MB of 981MB memory in use, time of day is 6PM)
2020-11-26 23:55:28 [INFO] Server load: 1% (0 players online, 0 chunks active, 42 total entities loaded, 39 living entities loaded, 3 item entities loaded, 0ms average tick time, 211MB of 981MB memory in use, time of day is 7PM)
2020-11-26 23:56:18 [INFO] Server load: 1% (0 players online, 0 chunks active, 42 total entities loaded, 39 living entities loaded, 3 item entities loaded, 0ms average tick time, 211MB of 981MB memory in use, time of day is 8PM)
2020-11-26 23:57:08 [INFO] Server load: 1% (0 players online, 0 chunks active, 42 total entities loaded, 39 living entities loaded, 3 item entities loaded, 0ms average tick time, 211MB of 981MB memory in use, time of day is 9PM)
2020-11-26 23:57:58 [INFO] Server load: 1% (0 players online, 0 chunks active, 42 total entities loaded, 39 living entities loaded, 3 item entities loaded, 0ms average tick time, 211MB of 981MB memory in use, time of day is 10PM)
2020-11-26 23:58:48 [INFO] Server load: 1% (0 players online, 0 chunks active, 42 total entities loaded, 39 living entities loaded, 3 item entities loaded, 0ms average tick time, 211MB of 981MB memory in use, time of day is 11PM)
2020-11-26 23:59:38 [INFO] Server load: 2% (0 players online, 0 chunks active, 42 total entities loaded, 39 living entities loaded, 3 item entities loaded, 1ms average tick time, 219MB of 981MB memory in use, time of day is MDNT)
2020-11-27 00:00:28 [INFO] Server load: 1% (0 players online, 0 chunks active, 42 total entities loaded, 39 living entities loaded, 3 item entities loaded, 0ms average tick time, 211MB of 981MB memory in use, time of day is 1AM)
2020-11-27 00:01:18 [INFO] Server load: 1% (0 players online, 0 chunks active, 42 total entities loaded, 39 living entities loaded, 3 item entities loaded, 0ms average tick time, 211MB of 981MB memory in use, time of day is 2AM)
2020-11-27 00:02:08 [INFO] Server load: 1% (0 players online, 0 chunks active, 42 total entities loaded, 39 living entities loaded, 3 item entities loaded, 0ms average tick time, 211MB of 981MB memory in use, time of day is 3AM)
2020-11-27 00:02:58 [INFO] Server load: 1% (0 players online, 0 chunks active, 42 total entities loaded, 39 living entities loaded, 3 item entities loaded, 0ms average tick time, 211MB of 981MB memory in use, time of day is 4AM)
2020-11-27 00:03:48 [INFO] Server load: 1% (0 players online, 0 chunks active, 42 total entities loaded, 39 living entities loaded, 3 item entities loaded, 0ms average tick time, 211MB of 981MB memory in use, time of day is 5AM)
2020-11-27 00:04:38 [INFO] Server load: 1% (0 players online, 0 chunks active, 42 total entities loaded, 39 living entities loaded, 3 item entities loaded, 0ms average tick time, 211MB of 981MB memory in use, time of day is 6AM)
