2020-11-26 22:38:38 [INFO] Player wensctry to uses coordinate detector to join game!
2020-11-26 22:40:23 [INFO] Vampire Bat (id=1469) hit by lava taking 4.0 raw damage vs 0.0 protection, resulting in a loss of 4.0 health: 3.0->0.0
2020-11-26 22:41:39 [INFO] Skeleton attacked wensc with Rusted Iron Arrow dealing 5.0 raw damage vs 0.0 protection, resulting in a loss of 5.0 health: 6.0->1.0
2020-11-26 22:45:17 [INFO] Bat (id=22) hit by lava taking 4.0 raw damage vs 0.0 protection, resulting in a loss of 4.0 health: 3.0->0.0
2020-11-26 22:55:51 [INFO] Skeleton attacked wensc with Rusted Iron Arrow dealing 5.0 raw damage vs 0.0 protection, resulting in a loss of 5.0 health: 3.0->0.0
2020-11-26 22:56:22 [INFO] Zombie attacked Sheep dealing 5.0 raw damage vs 0.0 protection, resulting in a loss of 5.0 health: 8.0->3.0
2020-11-26 22:56:23 [INFO] Zombie attacked Sheep dealing 5.0 raw damage vs 0.0 protection, resulting in a loss of 5.0 health: 3.0->0.0
2020-11-26 22:57:18 [INFO] Zombie attacked Cow dealing 5.0 raw damage vs 0.0 protection, resulting in a loss of 5.0 health: 20.0->15.0
2020-11-26 22:57:22 [INFO] Zombie attacked Cow dealing 5.0 raw damage vs 0.0 protection, resulting in a loss of 5.0 health: 17.0->12.0
2020-11-26 22:57:23 [INFO] Zombie attacked Cow dealing 5.0 raw damage vs 0.0 protection, resulting in a loss of 5.0 health: 12.0->7.0
2020-11-26 22:57:46 [INFO] Zombie attacked Sheep dealing 5.0 raw damage vs 0.0 protection, resulting in a loss of 5.0 health: 8.0->3.0
2020-11-26 22:57:48 [INFO] Zombie attacked Sheep dealing 5.0 raw damage vs 0.0 protection, resulting in a loss of 5.0 health: 3.0->0.0
2020-11-26 22:57:55 [INFO] Zombie attacked wensc dealing 5.0 raw damage vs 0.0 protection, resulting in a loss of 5.0 health: 6.0->1.0
2020-11-26 22:57:57 [INFO] Zombie attacked wensc dealing 5.0 raw damage vs 0.0 protection, resulting in a loss of 5.0 health: 1.0->0.0
2020-11-26 22:58:28 [INFO] Zombie attacked Cow dealing 5.0 raw damage vs 0.0 protection, resulting in a loss of 5.0 health: 20.0->15.0
2020-11-26 22:58:29 [INFO] Cow (id=32) hit by fall taking 1.7 raw damage vs 0.0 protection, resulting in a loss of 1.7 health: 15.0->13.3
2020-11-26 22:58:31 [INFO] Zombie attacked Cow dealing 5.0 raw damage vs 0.0 protection, resulting in a loss of 5.0 health: 13.3->8.3
2020-11-26 22:58:32 [INFO] Zombie attacked Cow dealing 5.0 raw damage vs 0.0 protection, resulting in a loss of 5.0 health: 8.3->3.3
2020-11-26 23:00:01 [INFO] Zombie attacked wensc dealing 5.0 raw damage vs 0.0 protection, resulting in a loss of 5.0 health: 6.0->1.0
2020-11-26 23:00:02 [INFO] Zombie attacked wensc dealing 5.0 raw damage vs 0.0 protection, resulting in a loss of 5.0 health: 1.0->0.0
2020-11-26 23:02:20 [INFO] Spider attacked Chicken dealing 4.0 raw damage vs 0.0 protection, resulting in a loss of 4.0 health: 4.0->0.0
2020-11-26 23:02:23 [INFO] Zombie attacked wensc dealing 5.0 raw damage vs 0.0 protection, resulting in a loss of 5.0 health: 6.0->1.0
2020-11-26 23:02:24 [INFO] Zombie attacked wensc dealing 5.0 raw damage vs 0.0 protection, resulting in a loss of 5.0 health: 1.0->0.0
2020-11-26 23:05:47 [INFO] Zombie attacked wensc dealing 5.0 raw damage vs 0.0 protection, resulting in a loss of 5.0 health: 6.0->1.0
2020-11-26 23:05:48 [INFO] Zombie attacked wensc dealing 5.0 raw damage vs 0.0 protection, resulting in a loss of 5.0 health: 1.0->0.0
2020-11-26 23:06:07 [INFO] Zombie (id=7089) hit by onFire taking 1.0 raw damage vs 0.0 protection, resulting in a loss of 1.0 health: 20.0->19.0
2020-11-26 23:06:07 [INFO] Skeleton (id=10501) hit by onFire taking 1.0 raw damage vs 0.0 protection, resulting in a loss of 1.0 health: 6.0->5.0
2020-11-26 23:06:08 [INFO] Zombie (id=8841) hit by onFire taking 1.0 raw damage vs 0.0 protection, resulting in a loss of 1.0 health: 20.0->19.0
2020-11-26 23:06:08 [INFO] Zombie (id=7089) hit by onFire taking 1.0 raw damage vs 0.0 protection, resulting in a loss of 1.0 health: 19.0->18.0
2020-11-26 23:06:09 [INFO] Zombie (id=8841) hit by onFire taking 1.0 raw damage vs 0.0 protection, resulting in a loss of 1.0 health: 19.0->18.0
2020-11-26 23:06:09 [INFO] Skeleton (id=10501) hit by onFire taking 1.0 raw damage vs 0.0 protection, resulting in a loss of 1.0 health: 5.0->4.0
2020-11-26 23:06:09 [INFO] Zombie (id=7089) hit by onFire taking 1.0 raw damage vs 0.0 protection, resulting in a loss of 1.0 health: 18.0->17.0
2020-11-26 23:06:10 [INFO] Zombie (id=8841) hit by onFire taking 1.0 raw damage vs 0.0 protection, resulting in a loss of 1.0 health: 18.0->17.0
2020-11-26 23:06:10 [INFO] Skeleton (id=10501) hit by onFire taking 1.0 raw damage vs 0.0 protection, resulting in a loss of 1.0 health: 4.0->3.0
2020-11-26 23:06:10 [INFO] Zombie (id=7089) hit by onFire taking 1.0 raw damage vs 0.0 protection, resulting in a loss of 1.0 health: 17.0->16.0
2020-11-26 23:06:11 [INFO] Zombie (id=7089) hit by onFire taking 1.0 raw damage vs 0.0 protection, resulting in a loss of 1.0 health: 16.0->15.0
2020-11-26 23:06:11 [INFO] Skeleton (id=10501) hit by onFire taking 1.0 raw damage vs 0.0 protection, resulting in a loss of 1.0 health: 3.0->2.0
2020-11-26 23:06:11 [INFO] Zombie (id=8841) hit by onFire taking 1.0 raw damage vs 0.0 protection, resulting in a loss of 1.0 health: 17.0->16.0
2020-11-26 23:06:12 [INFO] Skeleton (id=10501) hit by onFire taking 1.0 raw damage vs 0.0 protection, resulting in a loss of 1.0 health: 2.0->1.0
2020-11-26 23:06:12 [INFO] Zombie (id=7089) hit by onFire taking 1.0 raw damage vs 0.0 protection, resulting in a loss of 1.0 health: 15.0->14.0
2020-11-26 23:06:12 [INFO] Zombie (id=8841) hit by onFire taking 1.0 raw damage vs 0.0 protection, resulting in a loss of 1.0 health: 16.0->15.0
2020-11-26 23:06:12 [INFO] Zombie (id=7089) hit by onFire taking 1.0 raw damage vs 0.0 protection, resulting in a loss of 1.0 health: 14.0->13.0
2020-11-26 23:06:13 [INFO] Zombie (id=7089) hit by onFire taking 1.0 raw damage vs 0.0 protection, resulting in a loss of 1.0 health: 13.0->12.0
2020-11-26 23:06:14 [INFO] Skeleton (id=10501) hit by onFire taking 1.0 raw damage vs 0.0 protection, resulting in a loss of 1.0 health: 1.0->0.0
2020-11-26 23:06:14 [INFO] Zombie (id=7089) hit by onFire taking 1.0 raw damage vs 0.0 protection, resulting in a loss of 1.0 health: 12.0->11.0
2020-11-26 23:06:15 [INFO] Zombie (id=7089) hit by onFire taking 1.0 raw damage vs 0.0 protection, resulting in a loss of 1.0 health: 11.0->10.0
2020-11-26 23:06:17 [INFO] Zombie (id=7089) hit by onFire taking 1.0 raw damage vs 0.0 protection, resulting in a loss of 1.0 health: 10.0->9.0
2020-11-26 23:06:17 [INFO] Zombie (id=7089) hit by onFire taking 1.0 raw damage vs 0.0 protection, resulting in a loss of 1.0 health: 9.0->8.0
2020-11-26 23:06:19 [INFO] Zombie (id=7089) hit by onFire taking 1.0 raw damage vs 0.0 protection, resulting in a loss of 1.0 health: 8.0->7.0
2020-11-26 23:06:20 [INFO] Zombie (id=7089) hit by onFire taking 1.0 raw damage vs 0.0 protection, resulting in a loss of 1.0 health: 7.0->6.0
2020-11-26 23:06:21 [INFO] Zombie (id=7089) hit by onFire taking 1.0 raw damage vs 0.0 protection, resulting in a loss of 1.0 health: 6.0->5.0
2020-11-26 23:06:22 [INFO] Zombie (id=7089) hit by onFire taking 1.0 raw damage vs 0.0 protection, resulting in a loss of 1.0 health: 5.0->4.0
2020-11-26 23:06:23 [INFO] Zombie (id=7089) hit by onFire taking 1.0 raw damage vs 0.0 protection, resulting in a loss of 1.0 health: 4.0->3.0
2020-11-26 23:06:24 [INFO] Zombie (id=7089) hit by onFire taking 1.0 raw damage vs 0.0 protection, resulting in a loss of 1.0 health: 3.0->2.0
2020-11-26 23:06:24 [INFO] Zombie (id=7089) hit by onFire taking 1.0 raw damage vs 0.0 protection, resulting in a loss of 1.0 health: 2.0->1.0
2020-11-26 23:06:25 [INFO] Zombie (id=7089) hit by onFire taking 1.0 raw damage vs 0.0 protection, resulting in a loss of 1.0 health: 1.0->0.0
