2020-11-12 10:58:27 [INFO] Server load: 6% (0 players online, 0 chunks active, 103 total entities loaded, 96 living entities loaded, 7 item entities loaded, 3ms average tick time, 184MB of 981MB memory in use, time of day is 7AM)
2020-11-12 10:59:17 [INFO] Server load: 1% (0 players online, 0 chunks active, 103 total entities loaded, 96 living entities loaded, 7 item entities loaded, 0ms average tick time, 211MB of 981MB memory in use, time of day is 8AM)
2020-11-12 11:00:07 [INFO] Server load: 1% (0 players online, 0 chunks active, 103 total entities loaded, 96 living entities loaded, 7 item entities loaded, 0ms average tick time, 211MB of 981MB memory in use, time of day is 9AM)
2020-11-12 11:00:57 [INFO] Server load: 1% (0 players online, 0 chunks active, 103 total entities loaded, 96 living entities loaded, 7 item entities loaded, 0ms average tick time, 211MB of 981MB memory in use, time of day is 10AM)
2020-11-12 11:01:47 [INFO] Server load: 1% (0 players online, 0 chunks active, 103 total entities loaded, 96 living entities loaded, 7 item entities loaded, 0ms average tick time, 211MB of 981MB memory in use, time of day is 11AM)
2020-11-12 11:02:37 [INFO] Server load: 1% (0 players online, 0 chunks active, 103 total entities loaded, 96 living entities loaded, 7 item entities loaded, 0ms average tick time, 211MB of 981MB memory in use, time of day is NOON)
2020-11-12 11:03:27 [INFO] Server load: 1% (0 players online, 0 chunks active, 103 total entities loaded, 96 living entities loaded, 7 item entities loaded, 0ms average tick time, 211MB of 981MB memory in use, time of day is 1PM)
2020-11-12 11:04:17 [INFO] Server load: 1% (0 players online, 0 chunks active, 103 total entities loaded, 96 living entities loaded, 7 item entities loaded, 0ms average tick time, 211MB of 981MB memory in use, time of day is 2PM)
2020-11-12 11:05:07 [INFO] Server load: 2% (0 players online, 0 chunks active, 103 total entities loaded, 96 living entities loaded, 7 item entities loaded, 1ms average tick time, 223MB of 981MB memory in use, time of day is 3PM)
2020-11-12 11:05:57 [INFO] Server load: 1% (0 players online, 0 chunks active, 103 total entities loaded, 96 living entities loaded, 7 item entities loaded, 0ms average tick time, 211MB of 981MB memory in use, time of day is 4PM)
2020-11-12 11:06:47 [INFO] Server load: 1% (0 players online, 0 chunks active, 103 total entities loaded, 96 living entities loaded, 7 item entities loaded, 0ms average tick time, 211MB of 981MB memory in use, time of day is 5PM)
2020-11-12 11:07:37 [INFO] Server load: 1% (0 players online, 0 chunks active, 103 total entities loaded, 96 living entities loaded, 7 item entities loaded, 0ms average tick time, 211MB of 981MB memory in use, time of day is 6PM)
2020-11-12 11:08:27 [INFO] Server load: 1% (0 players online, 0 chunks active, 103 total entities loaded, 96 living entities loaded, 7 item entities loaded, 0ms average tick time, 211MB of 981MB memory in use, time of day is 7PM)
2020-11-12 11:09:17 [INFO] Server load: 1% (0 players online, 0 chunks active, 103 total entities loaded, 96 living entities loaded, 7 item entities loaded, 0ms average tick time, 211MB of 981MB memory in use, time of day is 8PM)
2020-11-12 11:10:07 [INFO] Server load: 1% (0 players online, 0 chunks active, 103 total entities loaded, 96 living entities loaded, 7 item entities loaded, 0ms average tick time, 211MB of 981MB memory in use, time of day is 9PM)
2020-11-12 11:10:57 [INFO] Server load: 1% (0 players online, 0 chunks active, 103 total entities loaded, 96 living entities loaded, 7 item entities loaded, 0ms average tick time, 211MB of 981MB memory in use, time of day is 10PM)
2020-11-12 11:11:47 [INFO] Server load: 1% (0 players online, 0 chunks active, 103 total entities loaded, 96 living entities loaded, 7 item entities loaded, 0ms average tick time, 211MB of 981MB memory in use, time of day is 11PM)
2020-11-12 14:31:20 [INFO] Server load: 4% (0 players online, 0 chunks active, 103 total entities loaded, 96 living entities loaded, 7 item entities loaded, 2ms average tick time, 147MB of 981MB memory in use, time of day is MDNT)
2020-11-12 14:32:10 [INFO] Server load: 1% (0 players online, 0 chunks active, 103 total entities loaded, 96 living entities loaded, 7 item entities loaded, 0ms average tick time, 210MB of 981MB memory in use, time of day is 1AM)
2020-11-12 14:33:50 [INFO] Server load: 3% (0 players online, 0 chunks active, 104 total entities loaded, 96 living entities loaded, 8 item entities loaded, 1ms average tick time, 145MB of 981MB memory in use, time of day is 2AM)
2020-11-12 14:34:40 [INFO] Server load: 1% (0 players online, 0 chunks active, 104 total entities loaded, 96 living entities loaded, 8 item entities loaded, 0ms average tick time, 208MB of 981MB memory in use, time of day is 3AM)
2020-11-12 14:35:30 [INFO] Server load: 1% (0 players online, 0 chunks active, 104 total entities loaded, 96 living entities loaded, 8 item entities loaded, 0ms average tick time, 208MB of 981MB memory in use, time of day is 4AM)
2020-11-12 14:37:20 [INFO] Server load: 3% (0 players online, 0 chunks active, 105 total entities loaded, 96 living entities loaded, 9 item entities loaded, 1ms average tick time, 145MB of 981MB memory in use, time of day is 5AM)
2020-11-12 14:38:10 [INFO] Server load: 1% (0 players online, 0 chunks active, 106 total entities loaded, 96 living entities loaded, 10 item entities loaded, 0ms average tick time, 208MB of 981MB memory in use, time of day is 6AM)
2020-11-12 14:39:00 [INFO] Server load: 1% (0 players online, 0 chunks active, 106 total entities loaded, 96 living entities loaded, 10 item entities loaded, 0ms average tick time, 208MB of 981MB memory in use, time of day is 7AM)
2020-11-12 14:39:50 [INFO] Server load: 1% (0 players online, 0 chunks active, 106 total entities loaded, 96 living entities loaded, 10 item entities loaded, 0ms average tick time, 208MB of 981MB memory in use, time of day is 8AM)
2020-11-12 14:40:40 [INFO] Server load: 1% (0 players online, 0 chunks active, 106 total entities loaded, 96 living entities loaded, 10 item entities loaded, 0ms average tick time, 208MB of 981MB memory in use, time of day is 9AM)
2020-11-12 14:41:30 [INFO] Server load: 2% (0 players online, 0 chunks active, 106 total entities loaded, 96 living entities loaded, 10 item entities loaded, 1ms average tick time, 208MB of 981MB memory in use, time of day is 10AM)
2020-11-12 14:51:09 [INFO] Server load: 3% (0 players online, 0 chunks active, 106 total entities loaded, 96 living entities loaded, 10 item entities loaded, 1ms average tick time, 146MB of 981MB memory in use, time of day is 10AM)
2020-11-12 14:52:52 [INFO] Server load: 3% (0 players online, 0 chunks active, 102 total entities loaded, 96 living entities loaded, 6 item entities loaded, 1ms average tick time, 146MB of 981MB memory in use, time of day is 11AM)
2020-11-12 14:53:42 [INFO] Server load: 1% (0 players online, 0 chunks active, 102 total entities loaded, 96 living entities loaded, 6 item entities loaded, 0ms average tick time, 209MB of 981MB memory in use, time of day is NOON)
2020-11-12 15:02:16 [INFO] Server load: 3% (0 players online, 0 chunks active, 101 total entities loaded, 96 living entities loaded, 5 item entities loaded, 1ms average tick time, 146MB of 981MB memory in use, time of day is 1PM)
2020-11-12 15:03:16 [INFO] Server load: 4% (0 players online, 0 chunks active, 102 total entities loaded, 96 living entities loaded, 6 item entities loaded, 2ms average tick time, 145MB of 981MB memory in use, time of day is 2PM)
2020-11-12 15:04:06 [INFO] Server load: 1% (0 players online, 0 chunks active, 102 total entities loaded, 96 living entities loaded, 6 item entities loaded, 0ms average tick time, 209MB of 981MB memory in use, time of day is 3PM)
2020-11-12 15:04:56 [INFO] Server load: 1% (0 players online, 0 chunks active, 102 total entities loaded, 96 living entities loaded, 6 item entities loaded, 0ms average tick time, 208MB of 981MB memory in use, time of day is 4PM)
2020-11-12 15:05:46 [INFO] Server load: 1% (0 players online, 0 chunks active, 102 total entities loaded, 96 living entities loaded, 6 item entities loaded, 0ms average tick time, 208MB of 981MB memory in use, time of day is 5PM)
2020-11-12 15:06:36 [INFO] Server load: 1% (0 players online, 0 chunks active, 102 total entities loaded, 96 living entities loaded, 6 item entities loaded, 0ms average tick time, 208MB of 981MB memory in use, time of day is 6PM)
2020-11-12 15:07:26 [INFO] Server load: 1% (0 players online, 0 chunks active, 102 total entities loaded, 96 living entities loaded, 6 item entities loaded, 0ms average tick time, 208MB of 981MB memory in use, time of day is 7PM)
2020-11-12 15:08:16 [INFO] Server load: 1% (0 players online, 0 chunks active, 102 total entities loaded, 96 living entities loaded, 6 item entities loaded, 0ms average tick time, 208MB of 981MB memory in use, time of day is 8PM)
2020-11-12 15:09:06 [INFO] Server load: 2% (0 players online, 0 chunks active, 102 total entities loaded, 96 living entities loaded, 6 item entities loaded, 1ms average tick time, 208MB of 981MB memory in use, time of day is 9PM)
2020-11-12 15:09:56 [INFO] Server load: 2% (0 players online, 0 chunks active, 102 total entities loaded, 96 living entities loaded, 6 item entities loaded, 1ms average tick time, 225MB of 981MB memory in use, time of day is 10PM)
2020-11-12 15:10:46 [INFO] Server load: 1% (0 players online, 0 chunks active, 102 total entities loaded, 96 living entities loaded, 6 item entities loaded, 0ms average tick time, 208MB of 981MB memory in use, time of day is 11PM)
2020-11-12 15:11:36 [INFO] Server load: 1% (0 players online, 0 chunks active, 102 total entities loaded, 96 living entities loaded, 6 item entities loaded, 0ms average tick time, 208MB of 981MB memory in use, time of day is MDNT)
2020-11-12 15:12:26 [INFO] Server load: 1% (0 players online, 0 chunks active, 102 total entities loaded, 96 living entities loaded, 6 item entities loaded, 0ms average tick time, 208MB of 981MB memory in use, time of day is 1AM)
2020-11-12 15:13:16 [INFO] Server load: 1% (0 players online, 0 chunks active, 102 total entities loaded, 96 living entities loaded, 6 item entities loaded, 0ms average tick time, 208MB of 981MB memory in use, time of day is 2AM)
2020-11-12 15:14:06 [INFO] Server load: 1% (0 players online, 0 chunks active, 102 total entities loaded, 96 living entities loaded, 6 item entities loaded, 0ms average tick time, 208MB of 981MB memory in use, time of day is 3AM)
2020-11-12 15:14:56 [INFO] Server load: 1% (0 players online, 0 chunks active, 102 total entities loaded, 96 living entities loaded, 6 item entities loaded, 0ms average tick time, 208MB of 981MB memory in use, time of day is 4AM)
2020-11-12 15:15:46 [INFO] Server load: 1% (0 players online, 0 chunks active, 102 total entities loaded, 96 living entities loaded, 6 item entities loaded, 0ms average tick time, 208MB of 981MB memory in use, time of day is 5AM)
2020-11-12 15:16:45 [INFO] Server load: 24% (0 players online, 0 chunks active, 102 total entities loaded, 96 living entities loaded, 6 item entities loaded, 12ms average tick time, 208MB of 981MB memory in use, time of day is 6AM)
2020-11-12 15:20:16 [INFO] Server load: 5% (0 players online, 0 chunks active, 101 total entities loaded, 96 living entities loaded, 5 item entities loaded, 2ms average tick time, 145MB of 981MB memory in use, time of day is 6AM)
2020-11-12 15:21:06 [INFO] Server load: 1% (0 players online, 0 chunks active, 101 total entities loaded, 96 living entities loaded, 5 item entities loaded, 0ms average tick time, 209MB of 981MB memory in use, time of day is 7AM)
2020-11-12 15:21:56 [INFO] Server load: 1% (0 players online, 0 chunks active, 101 total entities loaded, 96 living entities loaded, 5 item entities loaded, 0ms average tick time, 209MB of 981MB memory in use, time of day is 8AM)
2020-11-12 15:22:46 [INFO] Server load: 1% (0 players online, 0 chunks active, 101 total entities loaded, 96 living entities loaded, 5 item entities loaded, 0ms average tick time, 209MB of 981MB memory in use, time of day is 9AM)
2020-11-12 15:23:36 [INFO] Server load: 1% (0 players online, 0 chunks active, 101 total entities loaded, 96 living entities loaded, 5 item entities loaded, 0ms average tick time, 209MB of 981MB memory in use, time of day is 10AM)
2020-11-12 15:24:26 [INFO] Server load: 2% (0 players online, 0 chunks active, 101 total entities loaded, 96 living entities loaded, 5 item entities loaded, 1ms average tick time, 209MB of 981MB memory in use, time of day is 11AM)
2020-11-12 15:25:16 [INFO] Server load: 1% (0 players online, 0 chunks active, 101 total entities loaded, 96 living entities loaded, 5 item entities loaded, 0ms average tick time, 209MB of 981MB memory in use, time of day is NOON)
2020-11-12 15:26:40 [INFO] Server load: 3% (0 players online, 0 chunks active, 100 total entities loaded, 96 living entities loaded, 4 item entities loaded, 1ms average tick time, 145MB of 981MB memory in use, time of day is 1PM)
2020-11-12 15:27:30 [INFO] Server load: 1% (0 players online, 0 chunks active, 101 total entities loaded, 96 living entities loaded, 5 item entities loaded, 0ms average tick time, 211MB of 981MB memory in use, time of day is 2PM)
2020-11-12 15:28:20 [INFO] Server load: 1% (0 players online, 0 chunks active, 101 total entities loaded, 96 living entities loaded, 5 item entities loaded, 0ms average tick time, 210MB of 981MB memory in use, time of day is 3PM)
2020-11-12 15:29:10 [INFO] Server load: 1% (0 players online, 0 chunks active, 101 total entities loaded, 96 living entities loaded, 5 item entities loaded, 0ms average tick time, 210MB of 981MB memory in use, time of day is 4PM)
2020-11-12 15:30:00 [INFO] Server load: 1% (0 players online, 0 chunks active, 101 total entities loaded, 96 living entities loaded, 5 item entities loaded, 0ms average tick time, 210MB of 981MB memory in use, time of day is 5PM)
2020-11-12 15:30:50 [INFO] Server load: 1% (0 players online, 0 chunks active, 101 total entities loaded, 96 living entities loaded, 5 item entities loaded, 0ms average tick time, 210MB of 981MB memory in use, time of day is 6PM)
2020-11-12 15:31:40 [INFO] Server load: 1% (0 players online, 0 chunks active, 101 total entities loaded, 96 living entities loaded, 5 item entities loaded, 0ms average tick time, 210MB of 981MB memory in use, time of day is 7PM)
2020-11-12 15:32:30 [INFO] Server load: 2% (0 players online, 0 chunks active, 101 total entities loaded, 96 living entities loaded, 5 item entities loaded, 1ms average tick time, 210MB of 981MB memory in use, time of day is 8PM)
2020-11-12 15:33:20 [INFO] Server load: 2% (0 players online, 0 chunks active, 101 total entities loaded, 96 living entities loaded, 5 item entities loaded, 1ms average tick time, 226MB of 981MB memory in use, time of day is 9PM)
2020-11-12 15:34:10 [INFO] Server load: 1% (0 players online, 0 chunks active, 101 total entities loaded, 96 living entities loaded, 5 item entities loaded, 0ms average tick time, 210MB of 981MB memory in use, time of day is 10PM)
2020-11-12 15:35:00 [INFO] Server load: 1% (0 players online, 0 chunks active, 101 total entities loaded, 96 living entities loaded, 5 item entities loaded, 0ms average tick time, 210MB of 981MB memory in use, time of day is 11PM)
2020-11-12 15:35:50 [INFO] Server load: 1% (0 players online, 0 chunks active, 101 total entities loaded, 96 living entities loaded, 5 item entities loaded, 0ms average tick time, 210MB of 981MB memory in use, time of day is MDNT)
2020-11-12 15:36:49 [INFO] Server load: 1% (0 players online, 0 chunks active, 101 total entities loaded, 96 living entities loaded, 5 item entities loaded, 0ms average tick time, 210MB of 981MB memory in use, time of day is 1AM)
2020-11-12 15:37:39 [INFO] Server load: 1% (0 players online, 0 chunks active, 101 total entities loaded, 96 living entities loaded, 5 item entities loaded, 0ms average tick time, 210MB of 981MB memory in use, time of day is 2AM)
2020-11-12 15:38:29 [INFO] Server load: 1% (0 players online, 0 chunks active, 101 total entities loaded, 96 living entities loaded, 5 item entities loaded, 0ms average tick time, 210MB of 981MB memory in use, time of day is 3AM)
2020-11-12 15:39:19 [INFO] Server load: 1% (0 players online, 0 chunks active, 101 total entities loaded, 96 living entities loaded, 5 item entities loaded, 0ms average tick time, 210MB of 981MB memory in use, time of day is 4AM)
2020-11-12 15:40:23 [INFO] Server load: 5% (0 players online, 0 chunks active, 101 total entities loaded, 96 living entities loaded, 5 item entities loaded, 2ms average tick time, 145MB of 981MB memory in use, time of day is 5AM)
2020-11-12 15:41:13 [INFO] Server load: 1% (0 players online, 0 chunks active, 101 total entities loaded, 96 living entities loaded, 5 item entities loaded, 0ms average tick time, 210MB of 981MB memory in use, time of day is 6AM)
2020-11-12 15:42:28 [INFO] Server load: 3% (0 players online, 0 chunks active, 101 total entities loaded, 96 living entities loaded, 5 item entities loaded, 1ms average tick time, 146MB of 981MB memory in use, time of day is 7AM)
2020-11-12 15:43:18 [INFO] Server load: 1% (0 players online, 0 chunks active, 101 total entities loaded, 96 living entities loaded, 5 item entities loaded, 0ms average tick time, 209MB of 981MB memory in use, time of day is 8AM)
2020-11-12 15:44:08 [INFO] Server load: 1% (0 players online, 0 chunks active, 101 total entities loaded, 96 living entities loaded, 5 item entities loaded, 0ms average tick time, 209MB of 981MB memory in use, time of day is 9AM)
2020-11-12 15:44:58 [INFO] Server load: 1% (0 players online, 0 chunks active, 101 total entities loaded, 96 living entities loaded, 5 item entities loaded, 0ms average tick time, 209MB of 981MB memory in use, time of day is 10AM)
2020-11-12 15:45:48 [INFO] Server load: 1% (0 players online, 0 chunks active, 101 total entities loaded, 96 living entities loaded, 5 item entities loaded, 0ms average tick time, 209MB of 981MB memory in use, time of day is 11AM)
2020-11-12 15:46:38 [INFO] Server load: 2% (0 players online, 0 chunks active, 101 total entities loaded, 96 living entities loaded, 5 item entities loaded, 1ms average tick time, 209MB of 981MB memory in use, time of day is NOON)
2020-11-12 15:47:28 [INFO] Server load: 1% (0 players online, 0 chunks active, 101 total entities loaded, 96 living entities loaded, 5 item entities loaded, 0ms average tick time, 209MB of 981MB memory in use, time of day is 1PM)
2020-11-12 15:48:18 [INFO] Server load: 1% (0 players online, 0 chunks active, 101 total entities loaded, 96 living entities loaded, 5 item entities loaded, 0ms average tick time, 209MB of 981MB memory in use, time of day is 2PM)
2020-11-12 15:49:08 [INFO] Server load: 2% (0 players online, 0 chunks active, 101 total entities loaded, 96 living entities loaded, 5 item entities loaded, 1ms average tick time, 244MB of 981MB memory in use, time of day is 3PM)
2020-11-12 15:49:58 [INFO] Server load: 1% (0 players online, 0 chunks active, 101 total entities loaded, 96 living entities loaded, 5 item entities loaded, 0ms average tick time, 208MB of 911MB memory in use, time of day is 4PM)
2020-11-12 15:50:48 [INFO] Server load: 1% (0 players online, 0 chunks active, 101 total entities loaded, 96 living entities loaded, 5 item entities loaded, 0ms average tick time, 208MB of 932MB memory in use, time of day is 5PM)
2020-11-12 15:51:38 [INFO] Server load: 1% (0 players online, 0 chunks active, 101 total entities loaded, 96 living entities loaded, 5 item entities loaded, 0ms average tick time, 208MB of 941MB memory in use, time of day is 6PM)
2020-11-12 15:52:28 [INFO] Server load: 1% (0 players online, 0 chunks active, 101 total entities loaded, 96 living entities loaded, 5 item entities loaded, 0ms average tick time, 208MB of 936MB memory in use, time of day is 7PM)
2020-11-12 15:53:18 [INFO] Server load: 1% (0 players online, 0 chunks active, 101 total entities loaded, 96 living entities loaded, 5 item entities loaded, 0ms average tick time, 208MB of 950MB memory in use, time of day is 8PM)
2020-11-12 15:54:08 [INFO] Server load: 1% (0 players online, 0 chunks active, 101 total entities loaded, 96 living entities loaded, 5 item entities loaded, 0ms average tick time, 208MB of 945MB memory in use, time of day is 9PM)
2020-11-12 15:54:58 [INFO] Server load: 1% (0 players online, 0 chunks active, 101 total entities loaded, 96 living entities loaded, 5 item entities loaded, 0ms average tick time, 208MB of 958MB memory in use, time of day is 10PM)
2020-11-12 15:55:48 [INFO] Server load: 1% (0 players online, 0 chunks active, 101 total entities loaded, 96 living entities loaded, 5 item entities loaded, 0ms average tick time, 208MB of 954MB memory in use, time of day is 11PM)
2020-11-12 15:56:38 [INFO] Server load: 2% (0 players online, 0 chunks active, 101 total entities loaded, 96 living entities loaded, 5 item entities loaded, 1ms average tick time, 242MB of 954MB memory in use, time of day is MDNT)
2020-11-12 15:57:28 [INFO] Server load: 1% (0 players online, 0 chunks active, 101 total entities loaded, 96 living entities loaded, 5 item entities loaded, 0ms average tick time, 208MB of 962MB memory in use, time of day is 1AM)
2020-11-12 15:58:18 [INFO] Server load: 1% (0 players online, 0 chunks active, 101 total entities loaded, 96 living entities loaded, 5 item entities loaded, 0ms average tick time, 209MB of 972MB memory in use, time of day is 2AM)
2020-11-12 15:59:08 [INFO] Server load: 1% (0 players online, 0 chunks active, 101 total entities loaded, 96 living entities loaded, 5 item entities loaded, 0ms average tick time, 209MB of 969MB memory in use, time of day is 3AM)
2020-11-12 15:59:58 [INFO] Server load: 1% (0 players online, 0 chunks active, 101 total entities loaded, 96 living entities loaded, 5 item entities loaded, 0ms average tick time, 209MB of 979MB memory in use, time of day is 4AM)
2020-11-12 16:00:48 [INFO] Server load: 1% (0 players online, 0 chunks active, 101 total entities loaded, 96 living entities loaded, 5 item entities loaded, 0ms average tick time, 209MB of 976MB memory in use, time of day is 5AM)
2020-11-12 16:01:38 [INFO] Server load: 1% (0 players online, 0 chunks active, 101 total entities loaded, 96 living entities loaded, 5 item entities loaded, 0ms average tick time, 209MB of 984MB memory in use, time of day is 6AM)
2020-11-12 16:02:28 [INFO] Server load: 1% (0 players online, 0 chunks active, 101 total entities loaded, 96 living entities loaded, 5 item entities loaded, 0ms average tick time, 209MB of 982MB memory in use, time of day is 7AM)
2020-11-12 16:03:18 [INFO] Server load: 1% (0 players online, 0 chunks active, 101 total entities loaded, 96 living entities loaded, 5 item entities loaded, 0ms average tick time, 209MB of 989MB memory in use, time of day is 8AM)
2020-11-12 16:04:08 [INFO] Server load: 2% (0 players online, 0 chunks active, 101 total entities loaded, 96 living entities loaded, 5 item entities loaded, 1ms average tick time, 243MB of 989MB memory in use, time of day is 9AM)
2020-11-12 16:04:58 [INFO] Server load: 1% (0 players online, 0 chunks active, 101 total entities loaded, 96 living entities loaded, 5 item entities loaded, 0ms average tick time, 209MB of 991MB memory in use, time of day is 10AM)
2020-11-12 16:05:48 [INFO] Server load: 1% (0 players online, 0 chunks active, 101 total entities loaded, 96 living entities loaded, 5 item entities loaded, 0ms average tick time, 209MB of 989MB memory in use, time of day is 11AM)
2020-11-12 16:06:38 [INFO] Server load: 2% (0 players online, 0 chunks active, 101 total entities loaded, 96 living entities loaded, 5 item entities loaded, 1ms average tick time, 209MB of 995MB memory in use, time of day is NOON)
2020-11-12 16:07:28 [INFO] Server load: 1% (0 players online, 0 chunks active, 101 total entities loaded, 96 living entities loaded, 5 item entities loaded, 0ms average tick time, 209MB of 993MB memory in use, time of day is 1PM)
2020-11-12 16:08:18 [INFO] Server load: 1% (0 players online, 0 chunks active, 101 total entities loaded, 96 living entities loaded, 5 item entities loaded, 0ms average tick time, 209MB of 999MB memory in use, time of day is 2PM)
2020-11-12 16:09:08 [INFO] Server load: 1% (0 players online, 0 chunks active, 101 total entities loaded, 96 living entities loaded, 5 item entities loaded, 0ms average tick time, 209MB of 997MB memory in use, time of day is 3PM)
2020-11-12 16:09:58 [INFO] Server load: 1% (0 players online, 0 chunks active, 101 total entities loaded, 96 living entities loaded, 5 item entities loaded, 0ms average tick time, 209MB of 1002MB memory in use, time of day is 4PM)
2020-11-12 16:10:48 [INFO] Server load: 1% (0 players online, 0 chunks active, 101 total entities loaded, 96 living entities loaded, 5 item entities loaded, 0ms average tick time, 209MB of 1001MB memory in use, time of day is 5PM)
2020-11-12 16:11:38 [INFO] Server load: 2% (0 players online, 0 chunks active, 101 total entities loaded, 96 living entities loaded, 5 item entities loaded, 1ms average tick time, 222MB of 999MB memory in use, time of day is 6PM)
2020-11-12 16:12:28 [INFO] Server load: 1% (0 players online, 0 chunks active, 101 total entities loaded, 96 living entities loaded, 5 item entities loaded, 0ms average tick time, 209MB of 1001MB memory in use, time of day is 7PM)
2020-11-12 16:13:18 [INFO] Server load: 1% (0 players online, 0 chunks active, 101 total entities loaded, 96 living entities loaded, 5 item entities loaded, 0ms average tick time, 209MB of 1004MB memory in use, time of day is 8PM)
2020-11-12 16:14:08 [INFO] Server load: 1% (0 players online, 0 chunks active, 101 total entities loaded, 96 living entities loaded, 5 item entities loaded, 0ms average tick time, 209MB of 1003MB memory in use, time of day is 9PM)
2020-11-12 16:14:58 [INFO] Server load: 1% (0 players online, 0 chunks active, 101 total entities loaded, 96 living entities loaded, 5 item entities loaded, 0ms average tick time, 210MB of 1007MB memory in use, time of day is 10PM)
2020-11-12 16:15:48 [INFO] Server load: 1% (0 players online, 0 chunks active, 101 total entities loaded, 96 living entities loaded, 5 item entities loaded, 0ms average tick time, 210MB of 1005MB memory in use, time of day is 11PM)
2020-11-12 16:16:38 [INFO] Server load: 1% (0 players online, 0 chunks active, 101 total entities loaded, 96 living entities loaded, 5 item entities loaded, 0ms average tick time, 210MB of 1009MB memory in use, time of day is MDNT)
2020-11-12 16:17:28 [INFO] Server load: 1% (0 players online, 0 chunks active, 101 total entities loaded, 96 living entities loaded, 5 item entities loaded, 0ms average tick time, 210MB of 1008MB memory in use, time of day is 1AM)
2020-11-12 16:18:18 [INFO] Server load: 1% (0 players online, 0 chunks active, 101 total entities loaded, 96 living entities loaded, 5 item entities loaded, 0ms average tick time, 210MB of 1011MB memory in use, time of day is 2AM)
2020-11-12 16:19:08 [INFO] Server load: 2% (0 players online, 0 chunks active, 101 total entities loaded, 96 living entities loaded, 5 item entities loaded, 1ms average tick time, 225MB of 1010MB memory in use, time of day is 3AM)
2020-11-12 16:19:58 [INFO] Server load: 1% (0 players online, 0 chunks active, 101 total entities loaded, 96 living entities loaded, 5 item entities loaded, 0ms average tick time, 210MB of 1007MB memory in use, time of day is 4AM)
2020-11-12 16:20:48 [INFO] Server load: 1% (0 players online, 0 chunks active, 101 total entities loaded, 96 living entities loaded, 5 item entities loaded, 0ms average tick time, 210MB of 1008MB memory in use, time of day is 5AM)
2020-11-12 16:21:38 [INFO] Server load: 1% (0 players online, 0 chunks active, 101 total entities loaded, 96 living entities loaded, 5 item entities loaded, 0ms average tick time, 210MB of 1010MB memory in use, time of day is 6AM)
2020-11-12 16:22:28 [INFO] Server load: 1% (0 players online, 0 chunks active, 101 total entities loaded, 96 living entities loaded, 5 item entities loaded, 0ms average tick time, 210MB of 1009MB memory in use, time of day is 7AM)
2020-11-12 16:23:18 [INFO] Server load: 1% (0 players online, 0 chunks active, 101 total entities loaded, 96 living entities loaded, 5 item entities loaded, 0ms average tick time, 210MB of 1012MB memory in use, time of day is 8AM)
2020-11-12 16:24:08 [INFO] Server load: 2% (0 players online, 0 chunks active, 101 total entities loaded, 96 living entities loaded, 5 item entities loaded, 1ms average tick time, 210MB of 1011MB memory in use, time of day is 9AM)
2020-11-12 16:24:58 [INFO] Server load: 1% (0 players online, 0 chunks active, 101 total entities loaded, 96 living entities loaded, 5 item entities loaded, 0ms average tick time, 210MB of 1013MB memory in use, time of day is 10AM)
2020-11-12 16:25:48 [INFO] Server load: 1% (0 players online, 0 chunks active, 101 total entities loaded, 96 living entities loaded, 5 item entities loaded, 0ms average tick time, 210MB of 1012MB memory in use, time of day is 11AM)
2020-11-12 16:26:38 [INFO] Server load: 2% (0 players online, 0 chunks active, 101 total entities loaded, 96 living entities loaded, 5 item entities loaded, 1ms average tick time, 225MB of 1007MB memory in use, time of day is NOON)
2020-11-12 16:27:28 [INFO] Server load: 1% (0 players online, 0 chunks active, 101 total entities loaded, 96 living entities loaded, 5 item entities loaded, 0ms average tick time, 210MB of 1010MB memory in use, time of day is 1PM)
2020-11-12 16:28:18 [INFO] Server load: 1% (0 players online, 0 chunks active, 101 total entities loaded, 96 living entities loaded, 5 item entities loaded, 0ms average tick time, 210MB of 1012MB memory in use, time of day is 2PM)
2020-11-12 16:29:08 [INFO] Server load: 1% (0 players online, 0 chunks active, 101 total entities loaded, 96 living entities loaded, 5 item entities loaded, 0ms average tick time, 210MB of 1011MB memory in use, time of day is 3PM)
2020-11-12 16:29:58 [INFO] Server load: 1% (0 players online, 0 chunks active, 101 total entities loaded, 96 living entities loaded, 5 item entities loaded, 0ms average tick time, 210MB of 1013MB memory in use, time of day is 4PM)
2020-11-12 16:30:48 [INFO] Server load: 1% (0 players online, 0 chunks active, 101 total entities loaded, 96 living entities loaded, 5 item entities loaded, 0ms average tick time, 210MB of 1012MB memory in use, time of day is 5PM)
2020-11-12 16:31:38 [INFO] Server load: 1% (0 players online, 0 chunks active, 101 total entities loaded, 96 living entities loaded, 5 item entities loaded, 0ms average tick time, 210MB of 1014MB memory in use, time of day is 6PM)
2020-11-12 16:32:28 [INFO] Server load: 1% (0 players online, 0 chunks active, 101 total entities loaded, 96 living entities loaded, 5 item entities loaded, 0ms average tick time, 210MB of 1014MB memory in use, time of day is 7PM)
2020-11-12 16:33:18 [INFO] Server load: 1% (0 players online, 0 chunks active, 101 total entities loaded, 96 living entities loaded, 5 item entities loaded, 0ms average tick time, 210MB of 1015MB memory in use, time of day is 8PM)
2020-11-12 16:34:08 [INFO] Server load: 2% (0 players online, 0 chunks active, 101 total entities loaded, 96 living entities loaded, 5 item entities loaded, 1ms average tick time, 223MB of 1015MB memory in use, time of day is 9PM)
2020-11-12 16:34:58 [INFO] Server load: 1% (0 players online, 0 chunks active, 101 total entities loaded, 96 living entities loaded, 5 item entities loaded, 0ms average tick time, 210MB of 1010MB memory in use, time of day is 10PM)
2020-11-12 16:35:49 [INFO] Server load: 1% (0 players online, 0 chunks active, 101 total entities loaded, 96 living entities loaded, 5 item entities loaded, 0ms average tick time, 210MB of 1012MB memory in use, time of day is 11PM)
2020-11-12 16:36:38 [INFO] Server load: 1% (0 players online, 0 chunks active, 101 total entities loaded, 96 living entities loaded, 5 item entities loaded, 0ms average tick time, 210MB of 1013MB memory in use, time of day is MDNT)
2020-11-12 16:37:28 [INFO] Server load: 1% (0 players online, 0 chunks active, 101 total entities loaded, 96 living entities loaded, 5 item entities loaded, 0ms average tick time, 210MB of 1013MB memory in use, time of day is 1AM)
2020-11-12 16:38:18 [INFO] Server load: 1% (0 players online, 0 chunks active, 101 total entities loaded, 96 living entities loaded, 5 item entities loaded, 0ms average tick time, 210MB of 1015MB memory in use, time of day is 2AM)
2020-11-12 16:39:08 [INFO] Server load: 2% (0 players online, 0 chunks active, 101 total entities loaded, 96 living entities loaded, 5 item entities loaded, 1ms average tick time, 210MB of 1014MB memory in use, time of day is 3AM)
2020-11-12 16:39:58 [INFO] Server load: 1% (0 players online, 0 chunks active, 101 total entities loaded, 96 living entities loaded, 5 item entities loaded, 0ms average tick time, 210MB of 1016MB memory in use, time of day is 4AM)
2020-11-12 16:40:48 [INFO] Server load: 1% (0 players online, 0 chunks active, 101 total entities loaded, 96 living entities loaded, 5 item entities loaded, 0ms average tick time, 210MB of 1015MB memory in use, time of day is 5AM)
2020-11-12 16:41:38 [INFO] Server load: 2% (0 players online, 0 chunks active, 101 total entities loaded, 96 living entities loaded, 5 item entities loaded, 1ms average tick time, 223MB of 1008MB memory in use, time of day is 6AM)
2020-11-12 16:42:28 [INFO] Server load: 1% (0 players online, 0 chunks active, 101 total entities loaded, 96 living entities loaded, 5 item entities loaded, 0ms average tick time, 210MB of 1012MB memory in use, time of day is 7AM)
2020-11-12 16:43:18 [INFO] Server load: 1% (0 players online, 0 chunks active, 101 total entities loaded, 96 living entities loaded, 5 item entities loaded, 0ms average tick time, 210MB of 1013MB memory in use, time of day is 8AM)
2020-11-12 16:44:08 [INFO] Server load: 1% (0 players online, 0 chunks active, 101 total entities loaded, 96 living entities loaded, 5 item entities loaded, 0ms average tick time, 210MB of 1013MB memory in use, time of day is 9AM)
2020-11-12 16:44:58 [INFO] Server load: 1% (0 players online, 0 chunks active, 101 total entities loaded, 96 living entities loaded, 5 item entities loaded, 0ms average tick time, 210MB of 1014MB memory in use, time of day is 10AM)
2020-11-12 16:45:48 [INFO] Server load: 1% (0 players online, 0 chunks active, 101 total entities loaded, 96 living entities loaded, 5 item entities loaded, 0ms average tick time, 210MB of 1014MB memory in use, time of day is 11AM)
2020-11-12 16:46:38 [INFO] Server load: 1% (0 players online, 0 chunks active, 101 total entities loaded, 96 living entities loaded, 5 item entities loaded, 0ms average tick time, 210MB of 1015MB memory in use, time of day is NOON)
2020-11-12 16:47:28 [INFO] Server load: 1% (0 players online, 0 chunks active, 101 total entities loaded, 96 living entities loaded, 5 item entities loaded, 0ms average tick time, 210MB of 1015MB memory in use, time of day is 1PM)
2020-11-12 16:48:18 [INFO] Server load: 1% (0 players online, 0 chunks active, 101 total entities loaded, 96 living entities loaded, 5 item entities loaded, 0ms average tick time, 210MB of 1016MB memory in use, time of day is 2PM)
2020-11-12 16:49:08 [INFO] Server load: 2% (0 players online, 0 chunks active, 101 total entities loaded, 96 living entities loaded, 5 item entities loaded, 1ms average tick time, 225MB of 1016MB memory in use, time of day is 3PM)
2020-11-12 16:49:58 [INFO] Server load: 1% (0 players online, 0 chunks active, 101 total entities loaded, 96 living entities loaded, 5 item entities loaded, 0ms average tick time, 210MB of 1011MB memory in use, time of day is 4PM)
2020-11-12 16:50:48 [INFO] Server load: 1% (0 players online, 0 chunks active, 101 total entities loaded, 96 living entities loaded, 5 item entities loaded, 0ms average tick time, 210MB of 1013MB memory in use, time of day is 5PM)
2020-11-12 16:51:38 [INFO] Server load: 1% (0 players online, 0 chunks active, 101 total entities loaded, 96 living entities loaded, 5 item entities loaded, 0ms average tick time, 210MB of 1014MB memory in use, time of day is 6PM)
2020-11-12 16:52:28 [INFO] Server load: 1% (0 players online, 0 chunks active, 101 total entities loaded, 96 living entities loaded, 5 item entities loaded, 0ms average tick time, 210MB of 1014MB memory in use, time of day is 7PM)
2020-11-12 16:53:18 [INFO] Server load: 1% (0 players online, 0 chunks active, 101 total entities loaded, 96 living entities loaded, 5 item entities loaded, 0ms average tick time, 210MB of 1015MB memory in use, time of day is 8PM)
2020-11-12 16:54:08 [INFO] Server load: 1% (0 players online, 0 chunks active, 101 total entities loaded, 96 living entities loaded, 5 item entities loaded, 0ms average tick time, 210MB of 1015MB memory in use, time of day is 9PM)
2020-11-12 16:54:58 [INFO] Server load: 1% (0 players online, 0 chunks active, 101 total entities loaded, 96 living entities loaded, 5 item entities loaded, 0ms average tick time, 210MB of 1016MB memory in use, time of day is 10PM)
2020-11-12 16:55:48 [INFO] Server load: 1% (0 players online, 0 chunks active, 101 total entities loaded, 96 living entities loaded, 5 item entities loaded, 0ms average tick time, 210MB of 1016MB memory in use, time of day is 11PM)
2020-11-12 16:56:38 [INFO] Server load: 2% (0 players online, 0 chunks active, 101 total entities loaded, 96 living entities loaded, 5 item entities loaded, 1ms average tick time, 225MB of 1009MB memory in use, time of day is MDNT)
2020-11-12 16:57:28 [INFO] Server load: 1% (0 players online, 0 chunks active, 101 total entities loaded, 96 living entities loaded, 5 item entities loaded, 0ms average tick time, 210MB of 1013MB memory in use, time of day is 1AM)
2020-11-12 16:58:18 [INFO] Server load: 1% (0 players online, 0 chunks active, 101 total entities loaded, 96 living entities loaded, 5 item entities loaded, 0ms average tick time, 210MB of 1014MB memory in use, time of day is 2AM)
2020-11-12 16:59:08 [INFO] Server load: 1% (0 players online, 0 chunks active, 101 total entities loaded, 96 living entities loaded, 5 item entities loaded, 0ms average tick time, 210MB of 1013MB memory in use, time of day is 3AM)
2020-11-12 16:59:58 [INFO] Server load: 1% (0 players online, 0 chunks active, 101 total entities loaded, 96 living entities loaded, 5 item entities loaded, 0ms average tick time, 210MB of 1015MB memory in use, time of day is 4AM)
2020-11-12 17:00:48 [INFO] Server load: 1% (0 players online, 0 chunks active, 101 total entities loaded, 96 living entities loaded, 5 item entities loaded, 0ms average tick time, 210MB of 1014MB memory in use, time of day is 5AM)
2020-11-12 17:01:38 [INFO] Server load: 1% (0 players online, 0 chunks active, 101 total entities loaded, 96 living entities loaded, 5 item entities loaded, 0ms average tick time, 210MB of 1016MB memory in use, time of day is 6AM)
2020-11-12 17:02:28 [INFO] Server load: 1% (0 players online, 0 chunks active, 101 total entities loaded, 96 living entities loaded, 5 item entities loaded, 0ms average tick time, 210MB of 1015MB memory in use, time of day is 7AM)
2020-11-12 17:03:19 [INFO] Server load: 3% (0 players online, 0 chunks active, 101 total entities loaded, 96 living entities loaded, 5 item entities loaded, 1ms average tick time, 210MB of 1017MB memory in use, time of day is 8AM)
2020-11-12 17:04:09 [INFO] Server load: 2% (0 players online, 0 chunks active, 101 total entities loaded, 96 living entities loaded, 5 item entities loaded, 1ms average tick time, 225MB of 1016MB memory in use, time of day is 9AM)
2020-11-12 17:04:58 [INFO] Server load: 1% (0 players online, 0 chunks active, 101 total entities loaded, 96 living entities loaded, 5 item entities loaded, 0ms average tick time, 210MB of 1010MB memory in use, time of day is 10AM)
2020-11-12 17:06:45 [INFO] Server load: 7% (1 player online, 225 chunks active, 84 total entities loaded, 78 living entities loaded, 5 item entities loaded, 3ms average tick time, 271MB of 974MB memory in use, time of day is 11AM)
2020-11-12 17:07:35 [INFO] Server load: 5% (1 player online, 225 chunks active, 80 total entities loaded, 74 living entities loaded, 5 item entities loaded, 2ms average tick time, 296MB of 847MB memory in use, time of day is NOON)
2020-11-12 17:08:25 [INFO] Server load: 4% (1 player online, 225 chunks active, 95 total entities loaded, 90 living entities loaded, 4 item entities loaded, 2ms average tick time, 245MB of 910MB memory in use, time of day is 1PM)
2020-11-12 17:09:15 [INFO] Server load: 10% (2 players online, 225 chunks active, 97 total entities loaded, 92 living entities loaded, 3 item entities loaded, 5ms average tick time, 248MB of 911MB memory in use, time of day is 2PM)
2020-11-12 17:10:05 [INFO] Server load: 7% (2 players online, 225 chunks active, 78 total entities loaded, 74 living entities loaded, 2 item entities loaded, 3ms average tick time, 237MB of 918MB memory in use, time of day is 3PM)
2020-11-12 17:11:39 [INFO] Server load: 11% (2 players online, 225 chunks active, 96 total entities loaded, 89 living entities loaded, 5 item entities loaded, 5ms average tick time, 265MB of 944MB memory in use, time of day is 4PM)
2020-11-12 17:14:03 [INFO] Server load: 10% (2 players online, 225 chunks active, 84 total entities loaded, 78 living entities loaded, 4 item entities loaded, 5ms average tick time, 237MB of 943MB memory in use, time of day is 6PM)
2020-11-12 17:14:53 [INFO] Server load: 7% (2 players online, 225 chunks active, 101 total entities loaded, 94 living entities loaded, 5 item entities loaded, 3ms average tick time, 315MB of 877MB memory in use, time of day is 7PM)
2020-11-12 17:15:43 [INFO] Server load: 5% (2 players online, 225 chunks active, 78 total entities loaded, 71 living entities loaded, 7 item entities loaded, 2ms average tick time, 271MB of 910MB memory in use, time of day is 8PM)
2020-11-12 17:16:33 [INFO] Server load: 4% (2 players online, 225 chunks active, 72 total entities loaded, 63 living entities loaded, 9 item entities loaded, 2ms average tick time, 350MB of 910MB memory in use, time of day is 9PM)
2020-11-12 17:17:23 [INFO] Server load: 13% (2 players online, 255 chunks active, 103 total entities loaded, 95 living entities loaded, 7 item entities loaded, 6ms average tick time, 271MB of 910MB memory in use, time of day is 10PM)
2020-11-12 17:18:13 [INFO] Server load: 3% (2 players online, 255 chunks active, 72 total entities loaded, 66 living entities loaded, 6 item entities loaded, 1ms average tick time, 283MB of 910MB memory in use, time of day is 11PM)
2020-11-12 17:19:03 [INFO] Server load: 4% (2 players online, 255 chunks active, 72 total entities loaded, 65 living entities loaded, 7 item entities loaded, 2ms average tick time, 243MB of 910MB memory in use, time of day is MDNT)
2020-11-12 17:19:53 [INFO] Server load: 7% (2 players online, 255 chunks active, 75 total entities loaded, 67 living entities loaded, 8 item entities loaded, 3ms average tick time, 240MB of 910MB memory in use, time of day is 1AM)
2020-11-12 17:20:43 [INFO] Server load: 6% (2 players online, 255 chunks active, 71 total entities loaded, 63 living entities loaded, 8 item entities loaded, 3ms average tick time, 266MB of 910MB memory in use, time of day is 2AM)
2020-11-12 17:21:33 [INFO] Server load: 6% (2 players online, 254 chunks active, 66 total entities loaded, 58 living entities loaded, 7 item entities loaded, 3ms average tick time, 266MB of 910MB memory in use, time of day is 3AM)
2020-11-12 17:23:14 [INFO] Server load: 3% (0 players online, 0 chunks active, 74 total entities loaded, 66 living entities loaded, 8 item entities loaded, 1ms average tick time, 147MB of 981MB memory in use, time of day is 5AM)
2020-11-12 17:28:38 [INFO] Server load: 3% (0 players online, 0 chunks active, 74 total entities loaded, 66 living entities loaded, 8 item entities loaded, 1ms average tick time, 146MB of 981MB memory in use, time of day is 6AM)
2020-11-12 17:29:28 [INFO] Server load: 1% (0 players online, 0 chunks active, 73 total entities loaded, 65 living entities loaded, 8 item entities loaded, 0ms average tick time, 210MB of 981MB memory in use, time of day is 7AM)
2020-11-12 17:30:18 [INFO] Server load: 1% (0 players online, 0 chunks active, 73 total entities loaded, 65 living entities loaded, 8 item entities loaded, 0ms average tick time, 210MB of 981MB memory in use, time of day is 8AM)
2020-11-12 17:31:08 [INFO] Server load: 1% (0 players online, 0 chunks active, 73 total entities loaded, 65 living entities loaded, 8 item entities loaded, 0ms average tick time, 210MB of 981MB memory in use, time of day is 9AM)
2020-11-12 17:35:46 [INFO] Server load: 4% (1 player online, 225 chunks active, 67 total entities loaded, 59 living entities loaded, 7 item entities loaded, 2ms average tick time, 337MB of 981MB memory in use, time of day is 10AM)
2020-11-12 17:36:36 [INFO] Server load: 5% (1 player online, 225 chunks active, 65 total entities loaded, 58 living entities loaded, 6 item entities loaded, 2ms average tick time, 278MB of 944MB memory in use, time of day is 11AM)
2020-11-12 17:37:26 [INFO] Server load: 4% (1 player online, 225 chunks active, 85 total entities loaded, 80 living entities loaded, 4 item entities loaded, 2ms average tick time, 285MB of 876MB memory in use, time of day is NOON)
2020-11-12 17:38:17 [INFO] Server load: 6% (0 players online, 0 chunks active, 81 total entities loaded, 74 living entities loaded, 7 item entities loaded, 3ms average tick time, 186MB of 910MB memory in use, time of day is 1PM)
2020-11-12 17:39:06 [INFO] Server load: 6% (1 player online, 225 chunks active, 75 total entities loaded, 67 living entities loaded, 7 item entities loaded, 3ms average tick time, 264MB of 910MB memory in use, time of day is 2PM)
2020-11-12 17:39:56 [INFO] Server load: 4% (1 player online, 225 chunks active, 79 total entities loaded, 71 living entities loaded, 7 item entities loaded, 2ms average tick time, 320MB of 910MB memory in use, time of day is 3PM)
2020-11-12 17:40:46 [INFO] Server load: 7% (1 player online, 225 chunks active, 75 total entities loaded, 67 living entities loaded, 7 item entities loaded, 3ms average tick time, 225MB of 910MB memory in use, time of day is 4PM)
2020-11-12 17:41:36 [INFO] Server load: 5% (1 player online, 225 chunks active, 93 total entities loaded, 84 living entities loaded, 8 item entities loaded, 2ms average tick time, 267MB of 910MB memory in use, time of day is 5PM)
