2020-11-12 10:57:31 [INFO] Starting minecraft server version 1.6.4-MITE-HDS (R196)
2020-11-12 10:57:31 [INFO] Using 64-bit JVM
2020-11-12 10:57:31 [INFO] Loading properties
2020-11-12 10:57:31 [WARNING] server.properties does not exist
2020-11-12 10:57:31 [INFO] Generating new properties file
2020-11-12 10:57:31 [INFO] Default game type: SURVIVAL
2020-11-12 10:57:31 [INFO] Generating keypair
2020-11-12 10:57:31 [INFO] Starting Minecraft server on *:25565
2020-11-12 10:57:31 [WARNING] Failed to load white-list: java.io.FileNotFoundException: .\white-list.txt (系统找不到指定的文件。)
2020-11-12 10:57:31 [INFO] White-list is ALL-INCLUSIVE
2020-11-12 10:57:31 [INFO] Preparing level "world"
2020-11-12 10:57:31 [WARNING] Unable to find spawn biome
2020-11-12 10:57:32 [INFO] Preparing start region for level 0
2020-11-12 10:57:33 [INFO] Preparing spawn area: 12%
2020-11-12 10:57:34 [INFO] Preparing spawn area: 35%
2020-11-12 10:57:35 [INFO] Preparing spawn area: 56%
2020-11-12 10:57:36 [INFO] Preparing spawn area: 78%
2020-11-12 10:57:37 [INFO] World seed is -911606852965479746
2020-11-12 10:57:37 [INFO] Done (6.157s)! For help, type "help" or "?"
2020-11-12 10:57:37 [INFO] Mapping enabled, default map size is 4096x4096 (64MB of memory)
2020-11-12 10:57:37 [INFO] --- Showing help page 1 of 6 (/help <page>) ---
2020-11-12 10:57:37 [INFO] /ban <name> [reason ...]
2020-11-12 10:57:37 [INFO] /ban-ip <address|name> [reason ...]
2020-11-12 10:57:37 [INFO] /banlist [ips|players]
2020-11-12 10:57:37 [INFO] /clear <player> [item] [data]
2020-11-12 10:57:37 [INFO] /debug <start|stop>
2020-11-12 10:57:37 [INFO] /defaultgamemode <mode>
2020-11-12 10:57:37 [INFO] /deop <player>
2020-11-12 14:30:28 [INFO] Starting minecraft server version 1.6.4-MITE-HDS (R196)
2020-11-12 14:30:28 [INFO] Using 64-bit JVM
2020-11-12 14:30:28 [INFO] Loading properties
2020-11-12 14:30:28 [INFO] Default game type: SURVIVAL
2020-11-12 14:30:28 [INFO] Generating keypair
2020-11-12 14:30:28 [INFO] Starting Minecraft server on *:25565
2020-11-12 14:30:28 [INFO] White-list is ALL-INCLUSIVE
2020-11-12 14:30:28 [INFO] Preparing level "world"
2020-11-12 14:30:28 [INFO] Preparing start region for level 0
2020-11-12 14:30:29 [INFO] Preparing spawn area: 17%
2020-11-12 14:30:30 [INFO] World seed is -911606852965479746
2020-11-12 14:30:30 [INFO] Done (2.360s)! For help, type "help" or "?"
2020-11-12 14:30:30 [INFO] Mapping enabled, default map size is 4096x4096 (64MB of memory)
2020-11-12 14:30:31 [INFO] --- Showing help page 1 of 6 (/help <page>) ---
2020-11-12 14:30:31 [INFO] /ban <name> [reason ...]
2020-11-12 14:30:31 [INFO] /ban-ip <address|name> [reason ...]
2020-11-12 14:30:31 [INFO] /banlist [ips|players]
2020-11-12 14:30:31 [INFO] /clear <player> [item] [data]
2020-11-12 14:30:31 [INFO] /debug <start|stop>
2020-11-12 14:30:31 [INFO] /defaultgamemode <mode>
2020-11-12 14:30:31 [INFO] /deop <player>
2020-11-12 14:32:58 [INFO] Starting minecraft server version 1.6.4-MITE-HDS (R196)
2020-11-12 14:32:58 [INFO] Using 64-bit JVM
2020-11-12 14:32:58 [INFO] Loading properties
2020-11-12 14:32:58 [INFO] Default game type: SURVIVAL
2020-11-12 14:32:58 [INFO] Generating keypair
2020-11-12 14:32:58 [INFO] Starting Minecraft server on *:25565
2020-11-12 14:32:58 [INFO] White-list is ALL-INCLUSIVE
2020-11-12 14:32:58 [INFO] Preparing level "world"
2020-11-12 14:32:58 [INFO] Preparing start region for level 0
2020-11-12 14:32:59 [INFO] Preparing spawn area: 48%
2020-11-12 14:32:59 [INFO] World seed is -911606852965479746
2020-11-12 14:32:59 [INFO] Done (1.737s)! For help, type "help" or "?"
2020-11-12 14:32:59 [INFO] Mapping enabled, default map size is 4096x4096 (64MB of memory)
2020-11-12 14:33:00 [INFO] --- Showing help page 1 of 6 (/help <page>) ---
2020-11-12 14:33:00 [INFO] /ban <name> [reason ...]
2020-11-12 14:33:00 [INFO] /ban-ip <address|name> [reason ...]
2020-11-12 14:33:00 [INFO] /banlist [ips|players]
2020-11-12 14:33:00 [INFO] /clear <player> [item] [data]
2020-11-12 14:33:00 [INFO] /debug <start|stop>
2020-11-12 14:33:00 [INFO] /defaultgamemode <mode>
2020-11-12 14:33:00 [INFO] /deop <player>
2020-11-12 14:36:28 [INFO] Starting minecraft server version 1.6.4-MITE-HDS (R196)
2020-11-12 14:36:28 [INFO] Using 64-bit JVM
2020-11-12 14:36:28 [INFO] Loading properties
2020-11-12 14:36:28 [INFO] Default game type: SURVIVAL
2020-11-12 14:36:28 [INFO] Generating keypair
2020-11-12 14:36:28 [INFO] Starting Minecraft server on *:25565
2020-11-12 14:36:28 [INFO] White-list is ALL-INCLUSIVE
2020-11-12 14:36:28 [INFO] Preparing level "world"
2020-11-12 14:36:28 [INFO] Preparing start region for level 0
2020-11-12 14:36:29 [INFO] Preparing spawn area: 44%
2020-11-12 14:36:30 [INFO] World seed is -911606852965479746
2020-11-12 14:36:30 [INFO] Done (1.711s)! For help, type "help" or "?"
2020-11-12 14:36:30 [INFO] Mapping enabled, default map size is 4096x4096 (64MB of memory)
2020-11-12 14:36:30 [INFO] --- Showing help page 1 of 6 (/help <page>) ---
2020-11-12 14:36:30 [INFO] /ban <name> [reason ...]
2020-11-12 14:36:30 [INFO] /ban-ip <address|name> [reason ...]
2020-11-12 14:36:30 [INFO] /banlist [ips|players]
2020-11-12 14:36:30 [INFO] /clear <player> [item] [data]
2020-11-12 14:36:30 [INFO] /debug <start|stop>
2020-11-12 14:36:30 [INFO] /defaultgamemode <mode>
2020-11-12 14:36:30 [INFO] /deop <player>
2020-11-12 14:50:17 [INFO] Starting minecraft server version 1.6.4-MITE-HDS (R196)
2020-11-12 14:50:17 [INFO] Using 64-bit JVM
2020-11-12 14:50:17 [INFO] Loading properties
2020-11-12 14:50:17 [INFO] Default game type: SURVIVAL
2020-11-12 14:50:17 [INFO] Generating keypair
2020-11-12 14:50:17 [INFO] Starting Minecraft server on *:25565
2020-11-12 14:50:17 [INFO] White-list is ALL-INCLUSIVE
2020-11-12 14:50:17 [INFO] Preparing level "world"
2020-11-12 14:50:17 [INFO] Preparing start region for level 0
2020-11-12 14:50:18 [INFO] Preparing spawn area: 45%
2020-11-12 14:50:19 [INFO] World seed is -911606852965479746
2020-11-12 14:50:19 [INFO] Done (1.800s)! For help, type "help" or "?"
2020-11-12 14:50:19 [INFO] Mapping enabled, default map size is 4096x4096 (64MB of memory)
2020-11-12 14:50:19 [INFO] --- Showing help page 1 of 6 (/help <page>) ---
2020-11-12 14:50:19 [INFO] /ban <name> [reason ...]
2020-11-12 14:50:19 [INFO] /ban-ip <address|name> [reason ...]
2020-11-12 14:50:19 [INFO] /banlist [ips|players]
2020-11-12 14:50:19 [INFO] /clear <player> [item] [data]
2020-11-12 14:50:19 [INFO] /debug <start|stop>
2020-11-12 14:50:19 [INFO] /defaultgamemode <mode>
2020-11-12 14:50:19 [INFO] /deop <player>
2020-11-12 14:52:00 [INFO] Starting minecraft server version 1.6.4-MITE-HDS (R196)
2020-11-12 14:52:00 [INFO] Using 64-bit JVM
2020-11-12 14:52:00 [INFO] Loading properties
2020-11-12 14:52:00 [INFO] Default game type: SURVIVAL
2020-11-12 14:52:00 [INFO] Generating keypair
2020-11-12 14:52:00 [INFO] Starting Minecraft server on *:25565
2020-11-12 14:52:00 [INFO] White-list is ALL-INCLUSIVE
2020-11-12 14:52:00 [INFO] Preparing level "world"
2020-11-12 14:52:00 [INFO] Preparing start region for level 0
2020-11-12 14:52:02 [INFO] Preparing spawn area: 56%
2020-11-12 14:52:02 [INFO] World seed is -911606852965479746
2020-11-12 14:52:02 [INFO] Done (1.726s)! For help, type "help" or "?"
2020-11-12 14:52:02 [INFO] Mapping enabled, default map size is 4096x4096 (64MB of memory)
2020-11-12 14:52:02 [INFO] --- Showing help page 1 of 6 (/help <page>) ---
2020-11-12 14:52:02 [INFO] /ban <name> [reason ...]
2020-11-12 14:52:02 [INFO] /ban-ip <address|name> [reason ...]
2020-11-12 14:52:02 [INFO] /banlist [ips|players]
2020-11-12 14:52:02 [INFO] /clear <player> [item] [data]
2020-11-12 14:52:02 [INFO] /debug <start|stop>
2020-11-12 14:52:02 [INFO] /defaultgamemode <mode>
2020-11-12 14:52:02 [INFO] /deop <player>
2020-11-12 15:01:24 [INFO] Starting minecraft server version 1.6.4-MITE-HDS (R196)
2020-11-12 15:01:24 [INFO] Using 64-bit JVM
2020-11-12 15:01:24 [INFO] Loading properties
2020-11-12 15:01:24 [INFO] Default game type: SURVIVAL
2020-11-12 15:01:24 [INFO] Generating keypair
2020-11-12 15:01:24 [INFO] Starting Minecraft server on *:25565
2020-11-12 15:01:24 [INFO] White-list is ALL-INCLUSIVE
2020-11-12 15:01:24 [INFO] Preparing level "world"
2020-11-12 15:01:24 [INFO] Preparing start region for level 0
2020-11-12 15:01:25 [INFO] Preparing spawn area: 55%
2020-11-12 15:01:26 [INFO] World seed is -911606852965479746
2020-11-12 15:01:26 [INFO] Done (1.676s)! For help, type "help" or "?"
2020-11-12 15:01:26 [INFO] Mapping enabled, default map size is 4096x4096 (64MB of memory)
2020-11-12 15:01:26 [INFO] --- Showing help page 1 of 6 (/help <page>) ---
2020-11-12 15:01:26 [INFO] /ban <name> [reason ...]
2020-11-12 15:01:26 [INFO] /ban-ip <address|name> [reason ...]
2020-11-12 15:01:26 [INFO] /banlist [ips|players]
2020-11-12 15:01:26 [INFO] /clear <player> [item] [data]
2020-11-12 15:01:26 [INFO] /debug <start|stop>
2020-11-12 15:01:26 [INFO] /defaultgamemode <mode>
2020-11-12 15:01:26 [INFO] /deop <player>
2020-11-12 15:02:24 [INFO] Starting minecraft server version 1.6.4-MITE-HDS (R196)
2020-11-12 15:02:24 [INFO] Using 64-bit JVM
2020-11-12 15:02:24 [INFO] Loading properties
2020-11-12 15:02:24 [INFO] Default game type: SURVIVAL
2020-11-12 15:02:24 [INFO] Generating keypair
2020-11-12 15:02:24 [INFO] Starting Minecraft server on *:25565
2020-11-12 15:02:24 [INFO] White-list is ALL-INCLUSIVE
2020-11-12 15:02:24 [INFO] Preparing level "world"
2020-11-12 15:02:24 [INFO] Preparing start region for level 0
2020-11-12 15:02:25 [INFO] Preparing spawn area: 60%
2020-11-12 15:02:26 [INFO] World seed is -911606852965479746
2020-11-12 15:02:26 [INFO] Done (1.517s)! For help, type "help" or "?"
2020-11-12 15:02:26 [INFO] Mapping enabled, default map size is 4096x4096 (64MB of memory)
2020-11-12 15:02:26 [INFO] --- Showing help page 1 of 6 (/help <page>) ---
2020-11-12 15:02:26 [INFO] /ban <name> [reason ...]
2020-11-12 15:02:26 [INFO] /ban-ip <address|name> [reason ...]
2020-11-12 15:02:26 [INFO] /banlist [ips|players]
2020-11-12 15:02:26 [INFO] /clear <player> [item] [data]
2020-11-12 15:02:26 [INFO] /debug <start|stop>
2020-11-12 15:02:26 [INFO] /defaultgamemode <mode>
2020-11-12 15:02:26 [INFO] /deop <player>
2020-11-12 15:16:36 [WARNING] Can't keep up! Did the system time change, or is the server overloaded?
2020-11-12 15:19:23 [INFO] Starting minecraft server version 1.6.4-MITE-HDS (R196)
2020-11-12 15:19:23 [INFO] Using 64-bit JVM
2020-11-12 15:19:23 [INFO] Loading properties
2020-11-12 15:19:23 [INFO] Default game type: SURVIVAL
2020-11-12 15:19:23 [INFO] Generating keypair
2020-11-12 15:19:24 [INFO] Starting Minecraft server on *:25565
2020-11-12 15:19:24 [INFO] White-list is ALL-INCLUSIVE
2020-11-12 15:19:24 [INFO] Preparing level "world"
2020-11-12 15:19:24 [INFO] Preparing start region for level 0
2020-11-12 15:19:25 [INFO] Preparing spawn area: 36%
2020-11-12 15:19:26 [INFO] World seed is -911606852965479746
2020-11-12 15:19:26 [INFO] Done (2.112s)! For help, type "help" or "?"
2020-11-12 15:19:26 [INFO] Mapping enabled, default map size is 4096x4096 (64MB of memory)
2020-11-12 15:19:26 [INFO] Unknown command. Try /help for a list of commands
2020-11-12 15:19:32 [INFO] Unknown command. Try /help for a list of commands
2020-11-12 15:25:48 [INFO] Starting minecraft server version 1.6.4-MITE-HDS (R196)
2020-11-12 15:25:48 [INFO] Using 64-bit JVM
2020-11-12 15:25:48 [INFO] Loading properties
2020-11-12 15:25:48 [INFO] Default game type: SURVIVAL
2020-11-12 15:25:48 [INFO] Generating keypair
2020-11-12 15:25:48 [INFO] Starting Minecraft server on *:25565
2020-11-12 15:25:48 [INFO] White-list is ALL-INCLUSIVE
2020-11-12 15:25:48 [INFO] Preparing level "world"
2020-11-12 15:25:48 [INFO] Preparing start region for level 0
2020-11-12 15:25:49 [INFO] Preparing spawn area: 57%
2020-11-12 15:25:50 [INFO] World seed is -911606852965479746
2020-11-12 15:25:50 [INFO] Done (1.638s)! For help, type "help" or "?"
2020-11-12 15:25:50 [INFO] Mapping enabled, default map size is 4096x4096 (64MB of memory)
2020-11-12 15:27:12 [INFO] Unknown command. Try /help for a list of commands
2020-11-12 15:27:21 [INFO] Unknown command. Try /help for a list of commands
2020-11-12 15:29:10 [INFO] Unknown command. Try /help for a list of commands
2020-11-12 15:30:02 [INFO] Unknown command. Try /help for a list of commands
2020-11-12 15:30:10 [INFO] Unknown command. Try /help for a list of commands
2020-11-12 15:30:15 [INFO] Unknown command. Try /help for a list of commands
2020-11-12 15:36:06 [WARNING] Can't keep up! Did the system time change, or is the server overloaded?
2020-11-12 15:39:31 [INFO] Starting minecraft server version 1.6.4-MITE-HDS (R196)
2020-11-12 15:39:31 [INFO] Using 64-bit JVM
2020-11-12 15:39:31 [INFO] Loading properties
2020-11-12 15:39:31 [INFO] Default game type: SURVIVAL
2020-11-12 15:39:31 [INFO] Generating keypair
2020-11-12 15:39:31 [INFO] Starting Minecraft server on *:25565
2020-11-12 15:39:31 [INFO] White-list is ALL-INCLUSIVE
2020-11-12 15:39:31 [INFO] Preparing level "world"
2020-11-12 15:39:32 [INFO] Preparing start region for level 0
2020-11-12 15:39:33 [INFO] Preparing spawn area: 44%
2020-11-12 15:39:33 [INFO] World seed is -911606852965479746
2020-11-12 15:39:33 [INFO] Done (1.730s)! For help, type "help" or "?"
2020-11-12 15:39:33 [INFO] Mapping enabled, default map size is 4096x4096 (64MB of memory)
2020-11-12 15:40:36 [INFO] --- Showing help page 1 of 6 (/help <page>) ---
2020-11-12 15:40:36 [INFO] /ban <name> [reason ...]
2020-11-12 15:40:36 [INFO] /ban-ip <address|name> [reason ...]
2020-11-12 15:40:36 [INFO] /banlist [ips|players]
2020-11-12 15:40:36 [INFO] /clear <player> [item] [data]
2020-11-12 15:40:36 [INFO] /debug <start|stop>
2020-11-12 15:40:36 [INFO] /defaultgamemode <mode>
2020-11-12 15:40:36 [INFO] /deop <player>
2020-11-12 15:41:36 [INFO] Starting minecraft server version 1.6.4-MITE-HDS (R196)
2020-11-12 15:41:36 [INFO] Using 64-bit JVM
2020-11-12 15:41:36 [INFO] Loading properties
2020-11-12 15:41:36 [INFO] Default game type: SURVIVAL
2020-11-12 15:41:36 [INFO] Generating keypair
2020-11-12 15:41:36 [INFO] Starting Minecraft server on *:25565
2020-11-12 15:41:36 [INFO] White-list is ALL-INCLUSIVE
2020-11-12 15:41:36 [INFO] Preparing level "world"
2020-11-12 15:41:37 [INFO] Preparing start region for level 0
2020-11-12 15:41:38 [INFO] Preparing spawn area: 27%
2020-11-12 15:41:38 [INFO] World seed is -911606852965479746
2020-11-12 15:41:38 [INFO] Done (1.957s)! For help, type "help" or "?"
2020-11-12 15:41:38 [INFO] Mapping enabled, default map size is 4096x4096 (64MB of memory)
2020-11-12 15:41:55 [INFO] --- Showing help page 1 of 6 (/help <page>) ---
2020-11-12 15:41:55 [INFO] /ban <name> [reason ...]
2020-11-12 15:41:55 [INFO] /ban-ip <address|name> [reason ...]
2020-11-12 15:41:55 [INFO] /banlist [ips|players]
2020-11-12 15:41:55 [INFO] /clear <player> [item] [data]
2020-11-12 15:41:55 [INFO] /debug <start|stop>
2020-11-12 15:41:55 [INFO] /defaultgamemode <mode>
2020-11-12 15:41:55 [INFO] /deop <player>
2020-11-12 15:42:12 [INFO] There are 0/20 players online:
2020-11-12 15:42:12 [INFO] 
2020-11-12 15:44:50 [INFO] --- Showing help page 1 of 6 (/help <page>) ---
2020-11-12 15:44:50 [INFO] /ban <name> [reason ...]
2020-11-12 15:44:50 [INFO] /ban-ip <address|name> [reason ...]
2020-11-12 15:44:50 [INFO] /banlist [ips|players]
2020-11-12 15:44:50 [INFO] /clear <player> [item] [data]
2020-11-12 15:44:50 [INFO] /debug <start|stop>
2020-11-12 15:44:50 [INFO] /defaultgamemode <mode>
2020-11-12 15:44:50 [INFO] /deop <player>
2020-11-12 15:45:24 [INFO] Unknown command. Try /help for a list of commands
2020-11-12 15:45:47 [INFO] There are 0/20 players online:
2020-11-12 15:45:47 [INFO] 
2020-11-12 15:48:50 [INFO] There are 0/20 players online:
2020-11-12 15:48:50 [INFO] 
2020-11-12 16:35:40 [INFO] There are 0/20 players online:
2020-11-12 16:35:40 [INFO] 
2020-11-12 16:37:21 [INFO] There are 0/20 players online:
2020-11-12 16:37:21 [INFO] 
2020-11-12 16:39:27 [INFO] There are 0/20 players online:
2020-11-12 16:39:27 [INFO] 
2020-11-12 16:39:34 [INFO] There are 0/20 players online:
2020-11-12 16:39:34 [INFO] 
2020-11-12 16:40:54 [INFO] There are 0/20 players online:
2020-11-12 16:40:54 [INFO] 
2020-11-12 16:41:01 [INFO] There are 0/20 players online:
2020-11-12 16:41:01 [INFO] 
2020-11-12 16:42:22 [INFO] There are 0/20 players online:
2020-11-12 16:42:22 [INFO] 
2020-11-12 16:43:34 [INFO] There are 0/20 players online:
2020-11-12 16:43:34 [INFO] 
2020-11-12 16:43:39 [INFO] There are 0/20 players online:
2020-11-12 16:43:39 [INFO] 
2020-11-12 16:48:13 [INFO] There are 0/20 players online:
2020-11-12 16:48:13 [INFO] 
2020-11-12 16:52:29 [INFO] There are 0/20 players online:
2020-11-12 16:52:29 [INFO] 
2020-11-12 16:52:44 [INFO] There are 0/20 players online:
2020-11-12 16:52:44 [INFO] 
2020-11-12 16:52:45 [INFO] There are 0/20 players online:
2020-11-12 16:52:45 [INFO] 
2020-11-12 16:53:08 [INFO] There are 0/20 players online:
2020-11-12 16:53:08 [INFO] 
2020-11-12 17:03:17 [INFO] Disconnecting wensc [/127.0.0.1:55263]: 客户端模组过多: MITE-ITE

2020-11-12 17:03:17 [SEVERE] Reached end of stream for /127.0.0.1, packet id=-1
2020-11-12 17:03:21 [SEVERE] Reached end of stream for /127.0.0.1, packet id=-1
2020-11-12 17:04:37 [SEVERE] Reached end of stream for /127.0.0.1, packet id=-1
2020-11-12 17:04:39 [SEVERE] Reached end of stream for /127.0.0.1, packet id=-1
2020-11-12 17:04:39 [INFO] wensc [/127.0.0.1:55394] lost connection
2020-11-12 17:04:52 [SEVERE] Reached end of stream for /127.0.0.1, packet id=-1
2020-11-12 17:05:09 [INFO] Stopping server
2020-11-12 17:05:09 [INFO] Saving players
2020-11-12 17:05:09 [INFO] Saving worlds
2020-11-12 17:05:09 [INFO] Closing listening thread
2020-11-12 17:05:52 [INFO] Starting minecraft server version 1.6.4-MITE-HDS (R196)
2020-11-12 17:05:52 [INFO] Using 64-bit JVM
2020-11-12 17:05:52 [INFO] Loading properties
2020-11-12 17:05:52 [INFO] Default game type: SURVIVAL
2020-11-12 17:05:52 [INFO] Generating keypair
2020-11-12 17:05:52 [INFO] Starting Minecraft server on *:25565
2020-11-12 17:05:52 [WARNING] **** SERVER IS RUNNING IN OFFLINE/INSECURE MODE!
2020-11-12 17:05:52 [WARNING] The server will make no attempt to authenticate usernames. Beware.
2020-11-12 17:05:52 [WARNING] While this makes the game possible to play without internet access, it also opens up the ability for hackers to connect with any username they choose.
2020-11-12 17:05:52 [WARNING] To change this, set "online-mode" to "true" in the server.properties file.
2020-11-12 17:05:52 [INFO] White-list is ALL-INCLUSIVE
2020-11-12 17:05:52 [INFO] Preparing level "world"
2020-11-12 17:05:53 [INFO] Preparing start region for level 0
2020-11-12 17:05:54 [INFO] Preparing spawn area: 5%
2020-11-12 17:05:55 [INFO] Preparing spawn area: 78%
2020-11-12 17:05:55 [INFO] World seed is -911606852965479746
2020-11-12 17:05:55 [INFO] Done (2.718s)! For help, type "help" or "?"
2020-11-12 17:05:55 [INFO] Mapping enabled, default map size is 4096x4096 (64MB of memory)
2020-11-12 17:05:57 [INFO] Map loaded, size is 4096x4096 (64MB of memory)
2020-11-12 17:06:02 [SEVERE] Reached end of stream for /127.0.0.1, packet id=-1
2020-11-12 17:06:04 [INFO] wensc[/127.0.0.1:55543] logged in with entity id 101 at (-23.5, 64.0, -2.5)
2020-11-12 17:06:04 [INFO] wensc joined the game
2020-11-12 17:06:28 [INFO] There are 1/20 players online:
2020-11-12 17:06:28 [INFO] wensc
2020-11-12 17:08:59 [SEVERE] Reached end of stream for /127.0.0.1, packet id=-1
2020-11-12 17:09:02 [INFO] nancy[/127.0.0.1:55838] logged in with entity id 11312 at (-19.5, 63.0, -14.5)
2020-11-12 17:09:02 [INFO] nancy joined the game
2020-11-12 17:09:11 [INFO] There are 2/20 players online:
2020-11-12 17:09:11 [INFO] wensc, nancy
2020-11-12 17:10:28 [INFO] There are 2/20 players online:
2020-11-12 17:10:28 [INFO] wensc, nancy
2020-11-12 17:10:47 [INFO] Starting minecraft server version 1.6.4-MITE-HDS (R196)
2020-11-12 17:10:47 [INFO] Using 64-bit JVM
2020-11-12 17:10:47 [INFO] Loading properties
2020-11-12 17:10:47 [INFO] Default game type: SURVIVAL
2020-11-12 17:10:47 [INFO] Generating keypair
2020-11-12 17:10:47 [INFO] Starting Minecraft server on *:25565
2020-11-12 17:10:47 [WARNING] **** SERVER IS RUNNING IN OFFLINE/INSECURE MODE!
2020-11-12 17:10:47 [WARNING] The server will make no attempt to authenticate usernames. Beware.
2020-11-12 17:10:47 [WARNING] While this makes the game possible to play without internet access, it also opens up the ability for hackers to connect with any username they choose.
2020-11-12 17:10:47 [WARNING] To change this, set "online-mode" to "true" in the server.properties file.
2020-11-12 17:10:47 [INFO] White-list is ALL-INCLUSIVE
2020-11-12 17:10:47 [INFO] Preparing level "world"
2020-11-12 17:10:48 [INFO] Preparing start region for level 0
2020-11-12 17:10:49 [INFO] Preparing spawn area: 33%
2020-11-12 17:10:49 [INFO] World seed is -911606852965479746
2020-11-12 17:10:49 [INFO] Done (2.199s)! For help, type "help" or "?"
2020-11-12 17:10:49 [INFO] Mapping enabled, default map size is 4096x4096 (64MB of memory)
2020-11-12 17:10:51 [INFO] Map loaded, size is 4096x4096 (64MB of memory)
2020-11-12 17:10:55 [SEVERE] Reached end of stream for /127.0.0.1, packet id=-1
2020-11-12 17:10:57 [INFO] wensc[/127.0.0.1:56066] logged in with entity id 89 at (-23.5, 64.0, -2.5)
2020-11-12 17:10:57 [INFO] wensc joined the game
2020-11-12 17:11:01 [SEVERE] Reached end of stream for /127.0.0.1, packet id=-1
2020-11-12 17:11:02 [INFO] nancy[/127.0.0.1:56076] logged in with entity id 306 at (-19.5, 63.0, -14.5)
2020-11-12 17:11:02 [INFO] nancy joined the game
2020-11-12 17:11:14 [INFO] There are 2/20 players online:
2020-11-12 17:11:14 [INFO] wensc, nancy
2020-11-12 17:11:42 [INFO] There are 2/20 players online:
2020-11-12 17:11:42 [INFO] wensc, nancy
2020-11-12 17:12:30 [INFO] Starting minecraft server version 1.6.4-MITE-HDS (R196)
2020-11-12 17:12:30 [INFO] Using 64-bit JVM
2020-11-12 17:12:30 [INFO] Loading properties
2020-11-12 17:12:30 [INFO] Default game type: SURVIVAL
2020-11-12 17:12:30 [INFO] Generating keypair
2020-11-12 17:12:30 [INFO] Starting Minecraft server on *:25565
2020-11-12 17:12:30 [WARNING] **** SERVER IS RUNNING IN OFFLINE/INSECURE MODE!
2020-11-12 17:12:30 [WARNING] The server will make no attempt to authenticate usernames. Beware.
2020-11-12 17:12:30 [WARNING] While this makes the game possible to play without internet access, it also opens up the ability for hackers to connect with any username they choose.
2020-11-12 17:12:30 [WARNING] To change this, set "online-mode" to "true" in the server.properties file.
2020-11-12 17:12:30 [INFO] White-list is ALL-INCLUSIVE
2020-11-12 17:12:30 [INFO] Preparing level "world"
2020-11-12 17:12:30 [INFO] Preparing start region for level 0
2020-11-12 17:12:31 [INFO] Preparing spawn area: 28%
2020-11-12 17:12:32 [INFO] World seed is -911606852965479746
2020-11-12 17:12:32 [INFO] Done (2.102s)! For help, type "help" or "?"
2020-11-12 17:12:32 [INFO] Mapping enabled, default map size is 4096x4096 (64MB of memory)
2020-11-12 17:12:32 [INFO] Map loaded, size is 4096x4096 (64MB of memory)
2020-11-12 17:12:33 [INFO] There are 0/20 players online:
2020-11-12 17:12:33 [INFO] 
2020-11-12 17:12:34 [SEVERE] Reached end of stream for /127.0.0.1, packet id=-1
2020-11-12 17:12:35 [INFO] wensc[/127.0.0.1:56237] logged in with entity id 107 at (-23.5, 64.0, -2.5)
2020-11-12 17:12:35 [INFO] wensc joined the game
2020-11-12 17:12:41 [INFO] There are 1/20 players online:
2020-11-12 17:12:41 [INFO] wensc
2020-11-12 17:13:11 [INFO] Starting minecraft server version 1.6.4-MITE-HDS (R196)
2020-11-12 17:13:11 [INFO] Using 64-bit JVM
2020-11-12 17:13:11 [INFO] Loading properties
2020-11-12 17:13:11 [INFO] Default game type: SURVIVAL
2020-11-12 17:13:11 [INFO] Generating keypair
2020-11-12 17:13:11 [INFO] Starting Minecraft server on *:25565
2020-11-12 17:13:11 [WARNING] **** SERVER IS RUNNING IN OFFLINE/INSECURE MODE!
2020-11-12 17:13:11 [WARNING] The server will make no attempt to authenticate usernames. Beware.
2020-11-12 17:13:11 [WARNING] While this makes the game possible to play without internet access, it also opens up the ability for hackers to connect with any username they choose.
2020-11-12 17:13:11 [WARNING] To change this, set "online-mode" to "true" in the server.properties file.
2020-11-12 17:13:11 [INFO] White-list is ALL-INCLUSIVE
2020-11-12 17:13:11 [INFO] Preparing level "world"
2020-11-12 17:13:11 [INFO] Preparing start region for level 0
2020-11-12 17:13:12 [INFO] Preparing spawn area: 26%
2020-11-12 17:13:13 [INFO] World seed is -911606852965479746
2020-11-12 17:13:13 [INFO] Done (2.097s)! For help, type "help" or "?"
2020-11-12 17:13:13 [INFO] Mapping enabled, default map size is 4096x4096 (64MB of memory)
2020-11-12 17:13:13 [INFO] Map loaded, size is 4096x4096 (64MB of memory)
2020-11-12 17:13:13 [INFO] There are 0/20 players online:
2020-11-12 17:13:13 [INFO] 
2020-11-12 17:13:21 [SEVERE] Reached end of stream for /127.0.0.1, packet id=-1
2020-11-12 17:13:22 [INFO] wensc[/127.0.0.1:56334] logged in with entity id 107 at (-23.5, 64.0, -2.5)
2020-11-12 17:13:22 [INFO] wensc joined the game
2020-11-12 17:13:25 [SEVERE] Reached end of stream for /127.0.0.1, packet id=-1
2020-11-12 17:13:27 [INFO] nancy[/127.0.0.1:56343] logged in with entity id 619 at (-19.5, 63.0, -14.5)
2020-11-12 17:13:27 [INFO] nancy joined the game
2020-11-12 17:13:35 [INFO] There are 2/20 players online:
2020-11-12 17:13:35 [INFO] wensc, nancy
2020-11-12 17:15:10 [INFO] nancy was slain by Zombie
2020-11-12 17:15:17 [INFO] wensc was slain by Zombie
2020-11-12 17:15:34 [INFO] --- Showing help page 1 of 6 (/help <page>) ---
2020-11-12 17:15:34 [INFO] /ban <name> [reason ...]
2020-11-12 17:15:34 [INFO] /ban-ip <address|name> [reason ...]
2020-11-12 17:15:34 [INFO] /banlist [ips|players]
2020-11-12 17:15:34 [INFO] /clear <player> [item] [data]
2020-11-12 17:15:34 [INFO] /debug <start|stop>
2020-11-12 17:15:34 [INFO] /defaultgamemode <mode>
2020-11-12 17:15:34 [INFO] /deop <player>
2020-11-12 17:15:49 [INFO] There are 2/20 players online:
2020-11-12 17:15:49 [INFO] wensc, nancy
2020-11-12 17:16:34 [INFO] There are 2/20 players online:
2020-11-12 17:16:34 [INFO] wensc, nancy
2020-11-12 17:16:40 [INFO] There are 2/20 players online:
2020-11-12 17:16:40 [INFO] wensc, nancy
2020-11-12 17:16:53 [INFO] There are 2/20 players online:
2020-11-12 17:16:53 [INFO] wensc, nancy
2020-11-12 17:17:16 [INFO] nancy was slain by Zombie
2020-11-12 17:17:33 [INFO] There are 2/20 players online:
2020-11-12 17:17:33 [INFO] nancy, wensc
2020-11-12 17:17:37 [INFO] wensc was slain by Zombie
2020-11-12 17:17:41 [INFO] There are 2/20 players online:
2020-11-12 17:17:41 [INFO] nancy, wensc
2020-11-12 17:18:32 [INFO] There are 2/20 players online:
2020-11-12 17:18:32 [INFO] nancy, wensc
2020-11-12 17:18:36 [INFO] There are 2/20 players online:
2020-11-12 17:18:36 [INFO] nancy, wensc
2020-11-12 17:19:06 [INFO] There are 2/20 players online:
2020-11-12 17:19:06 [INFO] nancy, wensc
2020-11-12 17:19:33 [INFO] nancy was slain by Zombie
2020-11-12 17:19:46 [INFO] wensc was slain by Zombie
2020-11-12 17:21:39 [INFO] nancy was slain by Zombie
2020-11-12 17:21:50 [INFO] wensc was slain by Zombie
2020-11-12 17:22:21 [INFO] Starting minecraft server version 1.6.4-MITE-HDS (R196)
2020-11-12 17:22:21 [INFO] Using 64-bit JVM
2020-11-12 17:22:21 [INFO] Loading properties
2020-11-12 17:22:21 [INFO] Default game type: SURVIVAL
2020-11-12 17:22:21 [INFO] Generating keypair
2020-11-12 17:22:22 [INFO] Starting Minecraft server on *:25565
2020-11-12 17:22:22 [WARNING] **** SERVER IS RUNNING IN OFFLINE/INSECURE MODE!
2020-11-12 17:22:22 [WARNING] The server will make no attempt to authenticate usernames. Beware.
2020-11-12 17:22:22 [WARNING] While this makes the game possible to play without internet access, it also opens up the ability for hackers to connect with any username they choose.
2020-11-12 17:22:22 [WARNING] To change this, set "online-mode" to "true" in the server.properties file.
2020-11-12 17:22:22 [INFO] White-list is ALL-INCLUSIVE
2020-11-12 17:22:22 [INFO] Preparing level "world"
2020-11-12 17:22:22 [INFO] Preparing start region for level 0
2020-11-12 17:22:23 [INFO] Preparing spawn area: 23%
2020-11-12 17:22:24 [INFO] World seed is -911606852965479746
2020-11-12 17:22:24 [INFO] Done (2.170s)! For help, type "help" or "?"
2020-11-12 17:22:24 [INFO] Mapping enabled, default map size is 4096x4096 (64MB of memory)
2020-11-12 17:22:24 [INFO] Map loaded, size is 4096x4096 (64MB of memory)
2020-11-12 17:22:24 [INFO] There are 0/20 players online:
2020-11-12 17:22:24 [INFO] 
2020-11-12 17:22:26 [INFO] There are 0/20 players online:
2020-11-12 17:22:26 [INFO] 
2020-11-12 17:22:31 [INFO] There are 0/20 players online:
2020-11-12 17:22:31 [INFO] 
2020-11-12 17:23:35 [INFO] Starting minecraft server version 1.6.4-MITE-HDS (R196)
2020-11-12 17:23:35 [INFO] Using 64-bit JVM
2020-11-12 17:23:35 [INFO] Loading properties
2020-11-12 17:23:35 [INFO] Default game type: SURVIVAL
2020-11-12 17:23:35 [INFO] Generating keypair
2020-11-12 17:23:36 [INFO] Starting Minecraft server on *:25565
2020-11-12 17:23:36 [WARNING] **** SERVER IS RUNNING IN OFFLINE/INSECURE MODE!
2020-11-12 17:23:36 [WARNING] The server will make no attempt to authenticate usernames. Beware.
2020-11-12 17:23:36 [WARNING] While this makes the game possible to play without internet access, it also opens up the ability for hackers to connect with any username they choose.
2020-11-12 17:23:36 [WARNING] To change this, set "online-mode" to "true" in the server.properties file.
2020-11-12 17:23:36 [INFO] White-list is ALL-INCLUSIVE
2020-11-12 17:23:36 [INFO] Preparing level "world"
2020-11-12 17:23:36 [INFO] Preparing start region for level 0
2020-11-12 17:23:37 [INFO] Preparing spawn area: 8%
2020-11-12 17:23:38 [INFO] Preparing spawn area: 54%
2020-11-12 17:23:39 [INFO] World seed is -911606852965479746
2020-11-12 17:23:39 [INFO] Done (2.922s)! For help, type "help" or "?"
2020-11-12 17:23:39 [INFO] Mapping enabled, default map size is 4096x4096 (64MB of memory)
2020-11-12 17:23:39 [INFO] Map loaded, size is 4096x4096 (64MB of memory)
2020-11-12 17:24:11 [INFO] Starting minecraft server version 1.6.4-MITE-HDS (R196)
2020-11-12 17:24:11 [INFO] Using 64-bit JVM
2020-11-12 17:24:11 [INFO] Loading properties
2020-11-12 17:24:11 [INFO] Default game type: SURVIVAL
2020-11-12 17:24:11 [INFO] Generating keypair
2020-11-12 17:24:11 [INFO] Starting Minecraft server on *:25565
2020-11-12 17:24:11 [WARNING] **** SERVER IS RUNNING IN OFFLINE/INSECURE MODE!
2020-11-12 17:24:11 [WARNING] The server will make no attempt to authenticate usernames. Beware.
2020-11-12 17:24:11 [WARNING] While this makes the game possible to play without internet access, it also opens up the ability for hackers to connect with any username they choose.
2020-11-12 17:24:11 [WARNING] To change this, set "online-mode" to "true" in the server.properties file.
2020-11-12 17:24:11 [INFO] White-list is ALL-INCLUSIVE
2020-11-12 17:24:11 [INFO] Preparing level "world"
2020-11-12 17:24:11 [INFO] Preparing start region for level 0
2020-11-12 17:24:12 [INFO] Preparing spawn area: 33%
2020-11-12 17:24:13 [INFO] World seed is -911606852965479746
2020-11-12 17:24:13 [INFO] Done (2.135s)! For help, type "help" or "?"
2020-11-12 17:24:13 [INFO] Mapping enabled, default map size is 4096x4096 (64MB of memory)
2020-11-12 17:24:13 [INFO] Map loaded, size is 4096x4096 (64MB of memory)
2020-11-12 17:27:45 [INFO] Starting minecraft server version 1.6.4-MITE-HDS (R196)
2020-11-12 17:27:45 [INFO] Using 64-bit JVM
2020-11-12 17:27:45 [INFO] Loading properties
2020-11-12 17:27:45 [INFO] Default game type: SURVIVAL
2020-11-12 17:27:45 [INFO] Generating keypair
2020-11-12 17:27:46 [INFO] Starting Minecraft server on *:25565
2020-11-12 17:27:46 [WARNING] **** SERVER IS RUNNING IN OFFLINE/INSECURE MODE!
2020-11-12 17:27:46 [WARNING] The server will make no attempt to authenticate usernames. Beware.
2020-11-12 17:27:46 [WARNING] While this makes the game possible to play without internet access, it also opens up the ability for hackers to connect with any username they choose.
2020-11-12 17:27:46 [WARNING] To change this, set "online-mode" to "true" in the server.properties file.
2020-11-12 17:27:46 [INFO] White-list is ALL-INCLUSIVE
2020-11-12 17:27:46 [INFO] Preparing level "world"
2020-11-12 17:27:46 [INFO] Preparing start region for level 0
2020-11-12 17:27:47 [INFO] Preparing spawn area: 10%
2020-11-12 17:27:48 [INFO] Preparing spawn area: 79%
2020-11-12 17:27:48 [INFO] World seed is -911606852965479746
2020-11-12 17:27:48 [INFO] Done (2.521s)! For help, type "help" or "?"
2020-11-12 17:27:48 [INFO] Mapping enabled, default map size is 4096x4096 (64MB of memory)
2020-11-12 17:27:50 [INFO] Map loaded, size is 4096x4096 (64MB of memory)
2020-11-12 17:27:50 [SEVERE] Reached end of stream for /127.0.0.1, packet id=-1
2020-11-12 17:27:55 [SEVERE] Reached end of stream for /127.0.0.1, packet id=-1
2020-11-12 17:31:16 [INFO] Starting minecraft server version 1.6.4-MITE-HDS (R196)
2020-11-12 17:31:16 [INFO] Using 64-bit JVM
2020-11-12 17:31:16 [INFO] Loading properties
2020-11-12 17:31:16 [INFO] Default game type: SURVIVAL
2020-11-12 17:31:16 [INFO] Generating keypair
2020-11-12 17:31:16 [INFO] Starting Minecraft server on *:25565
2020-11-12 17:31:16 [WARNING] **** SERVER IS RUNNING IN OFFLINE/INSECURE MODE!
2020-11-12 17:31:16 [WARNING] The server will make no attempt to authenticate usernames. Beware.
2020-11-12 17:31:16 [WARNING] While this makes the game possible to play without internet access, it also opens up the ability for hackers to connect with any username they choose.
2020-11-12 17:31:16 [WARNING] To change this, set "online-mode" to "true" in the server.properties file.
2020-11-12 17:31:16 [INFO] White-list is ALL-INCLUSIVE
2020-11-12 17:31:16 [INFO] Preparing level "world"
2020-11-12 17:31:16 [INFO] Preparing start region for level 0
2020-11-12 17:31:17 [INFO] Preparing spawn area: 7%
2020-11-12 17:31:18 [INFO] Preparing spawn area: 72%
2020-11-12 17:31:18 [INFO] World seed is -911606852965479746
2020-11-12 17:31:18 [INFO] Done (2.680s)! For help, type "help" or "?"
2020-11-12 17:31:18 [INFO] Mapping enabled, default map size is 4096x4096 (64MB of memory)
2020-11-12 17:31:19 [INFO] Map loaded, size is 4096x4096 (64MB of memory)
2020-11-12 17:34:16 [INFO] Starting minecraft server version 1.6.4-MITE-HDS (R196)
2020-11-12 17:34:16 [INFO] Using 64-bit JVM
2020-11-12 17:34:16 [INFO] Loading properties
2020-11-12 17:34:16 [INFO] Default game type: SURVIVAL
2020-11-12 17:34:16 [INFO] Generating keypair
2020-11-12 17:34:16 [INFO] Starting Minecraft server on *:25565
2020-11-12 17:34:16 [WARNING] **** SERVER IS RUNNING IN OFFLINE/INSECURE MODE!
2020-11-12 17:34:16 [WARNING] The server will make no attempt to authenticate usernames. Beware.
2020-11-12 17:34:16 [WARNING] While this makes the game possible to play without internet access, it also opens up the ability for hackers to connect with any username they choose.
2020-11-12 17:34:16 [WARNING] To change this, set "online-mode" to "true" in the server.properties file.
2020-11-12 17:34:16 [INFO] White-list is ALL-INCLUSIVE
2020-11-12 17:34:16 [INFO] Preparing level "world"
2020-11-12 17:34:17 [INFO] Preparing start region for level 0
2020-11-12 17:34:18 [INFO] Preparing spawn area: 6%
2020-11-12 17:34:19 [INFO] Preparing spawn area: 65%
2020-11-12 17:34:19 [INFO] World seed is -911606852965479746
2020-11-12 17:34:19 [INFO] Done (2.776s)! For help, type "help" or "?"
2020-11-12 17:34:19 [INFO] Mapping enabled, default map size is 4096x4096 (64MB of memory)
2020-11-12 17:34:19 [INFO] Map loaded, size is 4096x4096 (64MB of memory)
2020-11-12 17:34:20 [INFO] There are 0/20 players online:
2020-11-12 17:34:20 [INFO] 
2020-11-12 17:34:21 [INFO] There are 0/20 players online:
2020-11-12 17:34:21 [INFO] 
2020-11-12 17:34:27 [INFO] There are 0/20 players online:
2020-11-12 17:34:27 [INFO] 
2020-11-12 17:34:29 [INFO] There are 0/20 players online:
2020-11-12 17:34:29 [INFO] 
2020-11-12 17:34:54 [INFO] Starting minecraft server version 1.6.4-MITE-HDS (R196)
2020-11-12 17:34:54 [INFO] Using 64-bit JVM
2020-11-12 17:34:54 [INFO] Loading properties
2020-11-12 17:34:54 [INFO] Default game type: SURVIVAL
2020-11-12 17:34:54 [INFO] Generating keypair
2020-11-12 17:34:54 [INFO] Starting Minecraft server on *:25565
2020-11-12 17:34:54 [WARNING] **** SERVER IS RUNNING IN OFFLINE/INSECURE MODE!
2020-11-12 17:34:54 [WARNING] The server will make no attempt to authenticate usernames. Beware.
2020-11-12 17:34:54 [WARNING] While this makes the game possible to play without internet access, it also opens up the ability for hackers to connect with any username they choose.
2020-11-12 17:34:54 [WARNING] To change this, set "online-mode" to "true" in the server.properties file.
2020-11-12 17:34:54 [INFO] White-list is ALL-INCLUSIVE
2020-11-12 17:34:54 [INFO] Preparing level "world"
2020-11-12 17:34:55 [INFO] Preparing start region for level 0
2020-11-12 17:34:56 [INFO] Preparing spawn area: 41%
2020-11-12 17:34:56 [INFO] World seed is -911606852965479746
2020-11-12 17:34:56 [INFO] Done (1.990s)! For help, type "help" or "?"
2020-11-12 17:34:56 [INFO] Mapping enabled, default map size is 4096x4096 (64MB of memory)
2020-11-12 17:34:57 [INFO] Map loaded, size is 4096x4096 (64MB of memory)
2020-11-12 17:34:57 [INFO] There are 0/20 players online:
2020-11-12 17:34:57 [INFO] 
2020-11-12 17:34:57 [INFO] There are 0/20 players online:
2020-11-12 17:34:57 [INFO] 
2020-11-12 17:35:13 [INFO] nancy[/127.0.0.1:58658] logged in with entity id 72 at (-22.614504268124772, 64.0, -10.893566817293594)
2020-11-12 17:35:13 [INFO] nancy joined the game
2020-11-12 17:35:17 [INFO] There are 1/20 players online:
2020-11-12 17:35:17 [INFO] nancy
2020-11-12 17:35:23 [INFO] There are 1/20 players online:
2020-11-12 17:35:23 [INFO] nancy
2020-11-12 17:38:00 [INFO] You must specify which player you wish to perform this action on.
2020-11-12 17:38:10 [INFO] You must specify which player you wish to perform this action on.
2020-11-12 17:38:14 [INFO] nancy lost connection: disconnect.quitting
2020-11-12 17:38:14 [INFO] nancy left the game
2020-11-12 17:38:16 [SEVERE] Reached end of stream for /127.0.0.1, packet id=-1
2020-11-12 17:38:17 [INFO] nancy[/127.0.0.1:59061] logged in with entity id 5753 at (-27.5, 64.0, -12.5)
2020-11-12 17:38:17 [INFO] nancy joined the game
2020-11-12 17:38:29 [INFO] You must specify which player you wish to perform this action on.
2020-11-12 17:38:40 [INFO] You must specify which player you wish to perform this action on.
2020-11-12 17:38:47 [INFO] You must specify which player you wish to perform this action on.
2020-11-12 17:41:56 [INFO] nancy lost connection: disconnect.genericReason
2020-11-12 17:41:56 [INFO] nancy left the game
