2020-11-12 10:58:35 [INFO] Squid (id=79) hit by reverse_drown taking 2.0 raw damage vs 0.0 protection, resulting in a loss of 2.0 health: 10.0->8.0
2020-11-12 10:58:36 [INFO] Squid (id=79) hit by reverse_drown taking 2.0 raw damage vs 0.0 protection, resulting in a loss of 2.0 health: 8.0->6.0
2020-11-12 14:30:31 [INFO] Squid (id=88) hit by reverse_drown taking 2.0 raw damage vs 0.0 protection, resulting in a loss of 2.0 health: 6.0->4.0
2020-11-12 17:03:17 [INFO] Player wensctry to uses coordinate detector to join game!
2020-11-12 17:06:52 [INFO] Spider (id=2697) hit by fall taking 1.6 raw damage vs 0.0 protection, resulting in a loss of 1.6 health: 12.0->10.4
2020-11-12 17:09:20 [INFO] Spider (id=12076) hit by fall taking 1.6 raw damage vs 0.0 protection, resulting in a loss of 1.6 health: 12.0->10.4
2020-11-12 17:13:45 [INFO] Bat (id=1384) hit by lava taking 4.0 raw damage vs 0.0 protection, resulting in a loss of 4.0 health: 3.0->0.0
2020-11-12 17:15:00 [INFO] Slime attacked Cow dealing 2.0 raw damage vs 0.0 protection, resulting in a loss of 2.0 health: 20.0->18.0
2020-11-12 17:15:02 [INFO] Slime attacked Cow dealing 2.0 raw damage vs 0.0 protection, resulting in a loss of 2.0 health: 18.0->16.0
2020-11-12 17:15:03 [INFO] Slime attacked Cow dealing 2.0 raw damage vs 0.0 protection, resulting in a loss of 2.0 health: 16.0->14.0
2020-11-12 17:15:04 [INFO] Slime attacked Cow dealing 2.0 raw damage vs 0.0 protection, resulting in a loss of 2.0 health: 14.0->12.0
2020-11-12 17:15:05 [INFO] Slime attacked Cow dealing 2.0 raw damage vs 0.0 protection, resulting in a loss of 2.0 health: 12.0->10.0
2020-11-12 17:15:06 [INFO] Slime attacked Cow dealing 2.0 raw damage vs 0.0 protection, resulting in a loss of 2.0 health: 10.0->8.0
2020-11-12 17:15:07 [INFO] Slime attacked Cow dealing 2.0 raw damage vs 0.0 protection, resulting in a loss of 2.0 health: 8.0->6.0
2020-11-12 17:15:07 [INFO] Slime attacked Cow dealing 2.0 raw damage vs 0.0 protection, resulting in a loss of 2.0 health: 6.0->4.0
2020-11-12 17:15:08 [INFO] Slime attacked Cow dealing 2.0 raw damage vs 0.0 protection, resulting in a loss of 2.0 health: 4.0->2.0
2020-11-12 17:15:08 [INFO] Slime attacked Cow dealing 4.0 raw damage vs 0.0 protection, resulting in a loss of 2.0 health: 2.0->0.0
2020-11-12 17:15:09 [INFO] Zombie attacked nancy dealing 5.0 raw damage vs 0.0 protection, resulting in a loss of 5.0 health: 6.0->1.0
2020-11-12 17:15:10 [INFO] Zombie attacked nancy dealing 5.0 raw damage vs 0.0 protection, resulting in a loss of 5.0 health: 1.0->0.0
2020-11-12 17:15:15 [INFO] Zombie attacked wensc dealing 5.0 raw damage vs 0.0 protection, resulting in a loss of 5.0 health: 6.0->1.0
2020-11-12 17:15:17 [INFO] Zombie attacked wensc dealing 5.0 raw damage vs 0.0 protection, resulting in a loss of 5.0 health: 1.0->0.0
2020-11-12 17:16:40 [INFO] Spider (id=6516) hit by drown taking 2.0 raw damage vs 0.0 protection, resulting in a loss of 2.0 health: 12.0->10.0
2020-11-12 17:16:41 [INFO] Spider (id=6516) hit by drown taking 2.0 raw damage vs 0.0 protection, resulting in a loss of 2.0 health: 10.0->8.0
2020-11-12 17:16:42 [INFO] Spider (id=6516) hit by drown taking 2.0 raw damage vs 0.0 protection, resulting in a loss of 2.0 health: 9.2->7.2
2020-11-12 17:16:43 [INFO] Spider (id=6516) hit by drown taking 2.0 raw damage vs 0.0 protection, resulting in a loss of 2.0 health: 7.2->5.2
2020-11-12 17:16:44 [INFO] Spider (id=6516) hit by drown taking 2.0 raw damage vs 0.0 protection, resulting in a loss of 2.0 health: 5.2->3.2
2020-11-12 17:16:45 [INFO] Spider (id=6516) hit by drown taking 2.0 raw damage vs 0.0 protection, resulting in a loss of 2.0 health: 3.2->1.2
2020-11-12 17:16:46 [INFO] Spider (id=6516) hit by drown taking 2.0 raw damage vs 0.0 protection, resulting in a loss of 2.0 health: 1.2->0.0
2020-11-12 17:17:15 [INFO] Zombie attacked nancy dealing 5.0 raw damage vs 0.0 protection, resulting in a loss of 5.0 health: 6.0->1.0
2020-11-12 17:17:16 [INFO] Zombie attacked nancy dealing 5.0 raw damage vs 0.0 protection, resulting in a loss of 5.0 health: 1.0->0.0
2020-11-12 17:17:36 [INFO] Zombie attacked wensc dealing 5.0 raw damage vs 0.0 protection, resulting in a loss of 5.0 health: 6.0->1.0
2020-11-12 17:17:37 [INFO] Zombie attacked wensc dealing 5.0 raw damage vs 0.0 protection, resulting in a loss of 5.0 health: 1.0->0.0
2020-11-12 17:19:31 [INFO] Zombie attacked nancy dealing 5.0 raw damage vs 0.0 protection, resulting in a loss of 5.0 health: 6.0->1.0
2020-11-12 17:19:33 [INFO] Zombie attacked nancy dealing 5.0 raw damage vs 0.0 protection, resulting in a loss of 5.0 health: 1.0->0.0
2020-11-12 17:19:45 [INFO] Zombie attacked wensc dealing 5.0 raw damage vs 0.0 protection, resulting in a loss of 5.0 health: 6.0->1.0
2020-11-12 17:19:46 [INFO] Zombie attacked wensc dealing 5.0 raw damage vs 0.0 protection, resulting in a loss of 5.0 health: 1.0->0.0
2020-11-12 17:19:50 [INFO] Bat (id=8316) hit by lava taking 4.0 raw damage vs 0.0 protection, resulting in a loss of 4.0 health: 3.0->0.0
2020-11-12 17:21:38 [INFO] Zombie attacked nancy dealing 5.0 raw damage vs 0.0 protection, resulting in a loss of 5.0 health: 6.0->1.0
2020-11-12 17:21:39 [INFO] Zombie attacked nancy dealing 5.0 raw damage vs 0.0 protection, resulting in a loss of 5.0 health: 1.0->0.0
2020-11-12 17:21:49 [INFO] Zombie attacked wensc dealing 5.0 raw damage vs 0.0 protection, resulting in a loss of 5.0 health: 6.0->1.0
2020-11-12 17:21:50 [INFO] Zombie attacked wensc dealing 5.0 raw damage vs 0.0 protection, resulting in a loss of 5.0 health: 1.0->0.0
2020-11-12 17:24:40 [INFO] Zombie (id=42) hit by onFire taking 1.0 raw damage vs 0.0 protection, resulting in a loss of 1.0 health: 20.0->19.0
2020-11-12 17:28:17 [INFO] Zombie (id=42) hit by onFire taking 1.0 raw damage vs 0.0 protection, resulting in a loss of 1.0 health: 20.0->19.0
2020-11-12 17:28:19 [INFO] Zombie (id=42) hit by onFire taking 1.0 raw damage vs 0.0 protection, resulting in a loss of 1.0 health: 19.0->18.0
2020-11-12 17:28:20 [INFO] Zombie (id=42) hit by onFire taking 1.0 raw damage vs 0.0 protection, resulting in a loss of 1.0 health: 18.0->17.0
2020-11-12 17:28:21 [INFO] Zombie (id=42) hit by onFire taking 1.0 raw damage vs 0.0 protection, resulting in a loss of 1.0 health: 17.0->16.0
2020-11-12 17:28:22 [INFO] Zombie (id=42) hit by onFire taking 1.0 raw damage vs 0.0 protection, resulting in a loss of 1.0 health: 16.0->15.0
2020-11-12 17:28:23 [INFO] Zombie (id=42) hit by onFire taking 1.0 raw damage vs 0.0 protection, resulting in a loss of 1.0 health: 15.0->14.0
2020-11-12 17:28:23 [INFO] Zombie (id=28) hit by onFire taking 1.0 raw damage vs 0.0 protection, resulting in a loss of 1.0 health: 20.0->19.0
2020-11-12 17:28:24 [INFO] Zombie (id=42) hit by onFire taking 1.0 raw damage vs 0.0 protection, resulting in a loss of 1.0 health: 14.0->13.0
2020-11-12 17:28:24 [INFO] Zombie (id=28) hit by onFire taking 1.0 raw damage vs 0.0 protection, resulting in a loss of 1.0 health: 19.0->18.0
2020-11-12 17:28:25 [INFO] Zombie (id=42) hit by onFire taking 1.0 raw damage vs 0.0 protection, resulting in a loss of 1.0 health: 13.0->12.0
2020-11-12 17:28:25 [INFO] Zombie (id=28) hit by onFire taking 1.0 raw damage vs 0.0 protection, resulting in a loss of 1.0 health: 18.0->17.0
2020-11-12 17:28:26 [INFO] Zombie (id=28) hit by onFire taking 1.0 raw damage vs 0.0 protection, resulting in a loss of 1.0 health: 17.0->16.0
2020-11-12 17:28:27 [INFO] Zombie (id=28) hit by onFire taking 1.0 raw damage vs 0.0 protection, resulting in a loss of 1.0 health: 16.0->15.0
2020-11-12 17:28:28 [INFO] Zombie (id=28) hit by onFire taking 1.0 raw damage vs 0.0 protection, resulting in a loss of 1.0 health: 15.0->14.0
2020-11-12 17:28:29 [INFO] Zombie (id=28) hit by onFire taking 1.0 raw damage vs 0.0 protection, resulting in a loss of 1.0 health: 14.0->13.0
2020-11-12 17:28:29 [INFO] Zombie (id=28) hit by onFire taking 1.0 raw damage vs 0.0 protection, resulting in a loss of 1.0 health: 13.0->12.0
2020-11-12 17:28:30 [INFO] Zombie (id=28) hit by onFire taking 1.0 raw damage vs 0.0 protection, resulting in a loss of 1.0 health: 12.0->11.0
2020-11-12 17:28:31 [INFO] Zombie (id=28) hit by onFire taking 1.0 raw damage vs 0.0 protection, resulting in a loss of 1.0 health: 11.0->10.0
2020-11-12 17:28:32 [INFO] Zombie (id=28) hit by onFire taking 1.0 raw damage vs 0.0 protection, resulting in a loss of 1.0 health: 10.0->9.0
2020-11-12 17:28:33 [INFO] Zombie (id=28) hit by onFire taking 1.0 raw damage vs 0.0 protection, resulting in a loss of 1.0 health: 9.0->8.0
2020-11-12 17:28:35 [INFO] Zombie (id=28) hit by onFire taking 1.0 raw damage vs 0.0 protection, resulting in a loss of 1.0 health: 8.0->7.0
2020-11-12 17:28:37 [INFO] Zombie (id=28) hit by onFire taking 1.0 raw damage vs 0.0 protection, resulting in a loss of 1.0 health: 7.0->6.0
2020-11-12 17:28:38 [INFO] Zombie (id=28) hit by onFire taking 1.0 raw damage vs 0.0 protection, resulting in a loss of 1.0 health: 6.0->5.0
2020-11-12 17:28:39 [INFO] Zombie (id=28) hit by onFire taking 1.0 raw damage vs 0.0 protection, resulting in a loss of 1.0 health: 5.0->4.0
2020-11-12 17:28:40 [INFO] Zombie (id=28) hit by onFire taking 1.0 raw damage vs 0.0 protection, resulting in a loss of 1.0 health: 4.0->3.0
2020-11-12 17:28:41 [INFO] Zombie (id=28) hit by onFire taking 1.0 raw damage vs 0.0 protection, resulting in a loss of 1.0 health: 3.0->2.0
2020-11-12 17:28:42 [INFO] Zombie (id=28) hit by onFire taking 1.0 raw damage vs 0.0 protection, resulting in a loss of 1.0 health: 2.0->1.0
2020-11-12 17:28:43 [INFO] Zombie (id=28) hit by onFire taking 1.0 raw damage vs 0.0 protection, resulting in a loss of 1.0 health: 1.0->0.0
2020-11-12 17:31:19 [INFO] Slime attacked Pig dealing 4.0 raw damage vs 0.0 protection, resulting in a loss of 4.0 health: 10.0->6.0
2020-11-12 17:35:27 [INFO] Zombie (id=40) hit by onFire taking 1.0 raw damage vs 0.0 protection, resulting in a loss of 1.0 health: 12.0->11.0
2020-11-12 17:35:28 [INFO] Zombie (id=40) hit by onFire taking 1.0 raw damage vs 0.0 protection, resulting in a loss of 1.0 health: 11.0->10.0
2020-11-12 17:35:29 [INFO] Zombie (id=40) hit by onFire taking 1.0 raw damage vs 0.0 protection, resulting in a loss of 1.0 health: 10.0->9.0
2020-11-12 17:35:30 [INFO] Zombie (id=40) hit by onFire taking 1.0 raw damage vs 0.0 protection, resulting in a loss of 1.0 health: 9.0->8.0
2020-11-12 17:35:31 [INFO] Zombie (id=40) hit by onFire taking 1.0 raw damage vs 0.0 protection, resulting in a loss of 1.0 health: 8.0->7.0
2020-11-12 17:35:33 [INFO] Zombie (id=40) hit by onFire taking 1.0 raw damage vs 0.0 protection, resulting in a loss of 1.0 health: 7.0->6.0
2020-11-12 17:35:34 [INFO] Zombie (id=40) hit by onFire taking 1.0 raw damage vs 0.0 protection, resulting in a loss of 1.0 health: 6.0->5.0
2020-11-12 17:35:35 [INFO] Zombie (id=40) hit by onFire taking 1.0 raw damage vs 0.0 protection, resulting in a loss of 1.0 health: 5.0->4.0
2020-11-12 17:35:38 [INFO] Zombie (id=40) hit by onFire taking 1.0 raw damage vs 0.0 protection, resulting in a loss of 1.0 health: 4.0->3.0
2020-11-12 17:35:40 [INFO] Zombie (id=40) hit by onFire taking 1.0 raw damage vs 0.0 protection, resulting in a loss of 1.0 health: 3.0->2.0
2020-11-12 17:35:41 [INFO] Zombie (id=40) hit by onFire taking 1.0 raw damage vs 0.0 protection, resulting in a loss of 1.0 health: 2.0->1.0
2020-11-12 17:35:42 [INFO] Zombie (id=40) hit by onFire taking 1.0 raw damage vs 0.0 protection, resulting in a loss of 1.0 health: 1.0->0.0
2020-11-12 17:37:07 [INFO] Spider (id=1347) hit by fall taking 1.6 raw damage vs 0.0 protection, resulting in a loss of 1.6 health: 12.0->10.4
